Jan 11 00:00:02 2015 ---- 3.28 3.20(5min)
Jan 11 00:02:01 2015 ---- 3.49 3.29(5min)
Jan 11 00:04:01 2015 ---- 3.32 3.25(5min)
Jan 11 00:06:01 2015 ---- 3.05 3.20(5min)
Jan 11 00:08:01 2015 ---- 3.21 3.21(5min)
Jan 11 00:10:02 2015 ---- 3.17 3.19(5min)
Jan 11 00:12:01 2015 ---- 3.31 3.22(5min)
Jan 11 00:14:01 2015 ---- 3.16 3.17(5min)
Jan 11 00:16:01 2015 ---- 3.17 3.16(5min)
Jan 11 00:18:01 2015 ---- 3.31 3.21(5min)
Jan 11 00:20:01 2015 ---- 3.13 3.18(5min)
Jan 11 00:22:01 2015 ---- 3.29 3.22(5min)
Jan 11 00:24:01 2015 ---- 3.23 3.23(5min)
Jan 11 00:26:01 2015 ---- 3.10 3.20(5min)
Jan 11 00:28:01 2015 ---- 3.29 3.21(5min)
Jan 11 00:30:02 2015 ---- 3.23 3.24(5min)
Jan 11 00:32:01 2015 ---- 2.35 2.93(5min)
Jan 11 00:34:01 2015 ---- 2.10 2.64(5min)
Jan 11 00:36:01 2015 ---- 1.95 2.41(5min)
Jan 11 00:38:01 2015 ---- 2.04 2.28(5min)
Jan 11 00:40:01 2015 ---- 2.16 2.26(5min)
Jan 11 00:42:01 2015 ---- 2.21 2.25(5min)
Jan 11 00:44:01 2015 ---- 1.96 2.15(5min)
Jan 11 00:46:01 2015 ---- 2.05 2.12(5min)
Jan 11 00:48:01 2015 ---- 1.78 2.00(5min)
Jan 11 00:50:01 2015 ---- 1.99 1.96(5min)
Jan 11 00:52:01 2015 ---- 2.16 2.04(5min)
Jan 11 00:54:01 2015 ---- 2.02 2.02(5min)
Jan 11 00:56:01 2015 ---- 2.29 2.14(5min)
Jan 11 00:58:01 2015 ---- 2.16 2.13(5min)
Jan 11 01:00:02 2015 ---- 2.10 2.11(5min)
Jan 11 01:02:01 2015 ---- 3.29 2.53(5min)
Jan 11 01:04:01 2015 ---- 3.13 2.74(5min)
Jan 11 01:06:01 2015 ---- 3.35 2.92(5min)
Jan 11 01:08:01 2015 ---- 2.50 2.79(5min)
Jan 11 01:10:01 2015 ---- 2.12 2.56(5min)
Jan 11 01:12:01 2015 ---- 2.34 2.50(5min)
Jan 11 01:14:01 2015 ---- 2.17 2.36(5min)
Jan 11 01:16:01 2015 ---- 2.36 2.37(5min)
Jan 11 01:18:01 2015 ---- 2.03 2.23(5min)
Jan 11 01:20:01 2015 ---- 2.18 2.22(5min)
Jan 11 01:22:01 2015 ---- 2.15 2.22(5min)
Jan 11 01:24:01 2015 ---- 2.27 2.21(5min)
Jan 11 01:26:01 2015 ---- 2.21 2.21(5min)
Jan 11 01:28:01 2015 ---- 2.17 2.17(5min)
Jan 11 01:30:05 2015 ---- 2.12 2.14(5min)
Jan 11 01:32:01 2015 ---- 2.32 2.22(5min)
Jan 11 01:34:01 2015 ---- 1.96 2.12(5min)
Jan 11 01:36:01 2015 ---- 2.10 2.13(5min)
Jan 11 01:38:01 2015 ---- 2.06 2.12(5min)
Jan 11 01:40:01 2015 ---- 2.27 2.15(5min)
Jan 11 01:42:01 2015 ---- 2.18 2.14(5min)
Jan 11 01:44:01 2015 ---- 2.11 2.12(5min)
Jan 11 01:46:01 2015 ---- 2.05 2.10(5min)
Jan 11 01:48:01 2015 ---- 2.28 2.16(5min)
Jan 11 01:50:02 2015 ---- 2.24 2.18(5min)
Jan 11 01:52:01 2015 ---- 2.14 2.16(5min)
Jan 11 01:54:01 2015 ---- 2.28 2.20(5min)
Jan 11 01:56:01 2015 ---- 2.08 2.15(5min)
Jan 11 01:58:01 2015 ---- 2.04 2.11(5min)
Jan 11 02:00:02 2015 ---- 2.27 2.16(5min)
Jan 11 02:02:01 2015 ---- 3.06 2.50(5min)
Jan 11 02:04:01 2015 ---- 3.00 2.66(5min)
Jan 11 02:06:01 2015 ---- 2.38 2.55(5min)
Jan 11 02:08:01 2015 ---- 2.01 2.35(5min)
Jan 11 02:10:01 2015 ---- 2.09 2.26(5min)
Jan 11 02:12:01 2015 ---- 2.21 2.23(5min)
Jan 11 02:14:01 2015 ---- 2.13 2.19(5min)
Jan 11 02:16:01 2015 ---- 2.07 2.16(5min)
Jan 11 02:18:01 2015 ---- 1.95 2.10(5min)
Jan 11 02:20:01 2015 ---- 2.20 2.15(5min)
Jan 11 02:22:01 2015 ---- 2.14 2.13(5min)
Jan 11 02:24:01 2015 ---- 2.20 2.15(5min)
Jan 11 02:26:01 2015 ---- 2.06 2.11(5min)
Jan 11 02:28:01 2015 ---- 2.02 2.07(5min)
Jan 11 02:30:02 2015 ---- 2.20 2.10(5min)
Jan 11 02:32:01 2015 ---- 2.06 2.08(5min)
Jan 11 02:34:01 2015 ---- 2.24 2.13(5min)
Jan 11 02:36:01 2015 ---- 2.05 2.10(5min)
Jan 11 02:38:01 2015 ---- 2.21 2.14(5min)
Jan 11 02:40:02 2015 ---- 2.08 2.11(5min)
Jan 11 02:42:01 2015 ---- 2.16 2.11(5min)
Jan 11 02:44:01 2015 ---- 2.06 2.10(5min)
Jan 11 02:46:01 2015 ---- 2.03 2.08(5min)
Jan 11 02:48:01 2015 ---- 2.05 2.07(5min)
Jan 11 02:50:02 2015 ---- 2.21 2.10(5min)
Jan 11 02:52:01 2015 ---- 2.41 2.17(5min)
Jan 11 02:54:01 2015 ---- 2.11 2.14(5min)
Jan 11 02:56:01 2015 ---- 2.11 2.12(5min)
Jan 11 02:58:01 2015 ---- 1.96 2.08(5min)
Jan 11 03:00:02 2015 ---- 2.06 2.09(5min)
Jan 11 03:02:01 2015 ---- 2.17 2.11(5min)
Jan 11 03:04:01 2015 ---- 2.13 2.11(5min)
Jan 11 03:06:01 2015 ---- 2.18 2.13(5min)
Jan 11 03:08:01 2015 ---- 2.20 2.13(5min)
Jan 11 03:10:01 2015 ---- 2.20 2.14(5min)
Jan 11 03:12:01 2015 ---- 2.12 2.12(5min)
Jan 11 03:14:01 2015 ---- 2.12 2.12(5min)
Jan 11 03:16:01 2015 ---- 2.07 2.10(5min)
Jan 11 03:18:01 2015 ---- 2.09 2.11(5min)
Jan 11 03:20:01 2015 ---- 2.10 2.12(5min)
Jan 11 03:22:01 2015 ---- 2.48 2.16(5min)
Jan 11 03:24:01 2015 ---- 2.09 2.09(5min)
Jan 11 03:26:01 2015 ---- 2.22 2.12(5min)
Jan 11 03:28:01 2015 ---- 2.32 2.20(5min)
Jan 11 03:30:01 2015 ---- 2.08 2.16(5min)
Jan 11 03:32:01 2015 ---- 2.10 2.11(5min)
Jan 11 03:34:01 2015 ---- 2.06 2.10(5min)
Jan 11 03:36:01 2015 ---- 2.07 2.06(5min)
Jan 11 03:38:01 2015 ---- 2.05 2.04(5min)
Jan 11 03:40:01 2015 ---- 2.09 2.05(5min)
Jan 11 03:42:01 2015 ---- 2.24 2.10(5min)
Jan 11 03:44:01 2015 ---- 2.26 2.12(5min)
Jan 11 03:46:01 2015 ---- 2.13 2.12(5min)
Jan 11 03:48:01 2015 ---- 1.94 2.05(5min)
Jan 11 03:50:01 2015 ---- 2.11 2.08(5min)
Jan 11 03:52:01 2015 ---- 2.20 2.10(5min)
Jan 11 03:54:01 2015 ---- 2.12 2.13(5min)
Jan 11 03:56:01 2015 ---- 2.01 2.08(5min)
Jan 11 03:58:02 2015 ---- 1.99 2.05(5min)
Jan 11 04:00:01 2015 ---- 2.01 2.03(5min)
Jan 11 04:02:01 2015 ---- 2.11 2.06(5min)
Jan 11 04:04:01 2015 ---- 2.93 2.40(5min)
Jan 11 04:06:01 2015 ---- 3.16 2.66(5min)
Jan 11 04:08:01 2015 ---- 3.08 2.81(5min)
Jan 11 04:10:01 2015 ---- 2.32 2.61(5min)
Jan 11 04:12:01 2015 ---- 2.04 2.40(5min)
Jan 11 04:14:01 2015 ---- 2.16 2.37(5min)
Jan 11 04:16:01 2015 ---- 2.12 2.27(5min)
Jan 11 04:18:01 2015 ---- 2.06 2.19(5min)
Jan 11 04:20:01 2015 ---- 2.12 2.14(5min)
Jan 11 04:22:01 2015 ---- 2.04 2.11(5min)
Jan 11 04:24:01 2015 ---- 2.93 2.44(5min)
Jan 11 04:26:01 2015 ---- 2.25 2.34(5min)
Jan 11 04:28:01 2015 ---- 2.17 2.27(5min)
Jan 11 04:30:02 2015 ---- 2.22 2.24(5min)
Jan 11 04:32:01 2015 ---- 1.99 2.15(5min)
Jan 11 04:34:01 2015 ---- 2.32 2.21(5min)
Jan 11 04:36:01 2015 ---- 2.27 2.22(5min)
Jan 11 04:38:01 2015 ---- 1.99 2.13(5min)
Jan 11 04:40:01 2015 ---- 1.95 2.10(5min)
Jan 11 04:42:02 2015 ---- 2.12 2.09(5min)
Jan 11 04:44:01 2015 ---- 2.08 2.13(5min)
Jan 11 04:46:01 2015 ---- 2.23 2.16(5min)
Jan 11 04:48:01 2015 ---- 2.03 2.10(5min)
Jan 11 04:50:01 2015 ---- 2.01 2.07(5min)
Jan 11 04:52:01 2015 ---- 2.11 2.08(5min)
Jan 11 04:54:01 2015 ---- 2.08 2.08(5min)
Jan 11 04:56:01 2015 ---- 2.12 2.08(5min)
Jan 11 04:58:01 2015 ---- 2.02 2.05(5min)
Jan 11 05:00:02 2015 ---- 2.17 2.08(5min)
Jan 11 05:02:01 2015 ---- 2.21 2.11(5min)
Jan 11 05:04:01 2015 ---- 2.00 2.07(5min)
Jan 11 05:06:01 2015 ---- 2.16 2.11(5min)
Jan 11 05:08:01 2015 ---- 2.23 2.15(5min)
Jan 11 05:10:01 2015 ---- 2.13 2.12(5min)
Jan 11 05:12:01 2015 ---- 2.21 2.19(5min)
Jan 11 05:14:01 2015 ---- 2.03 2.17(5min)
Jan 11 05:16:01 2015 ---- 2.24 2.19(5min)
Jan 11 05:18:01 2015 ---- 2.03 2.14(5min)
Jan 11 05:20:01 2015 ---- 2.09 2.10(5min)
Jan 11 05:22:01 2015 ---- 2.08 2.08(5min)
Jan 11 05:24:01 2015 ---- 2.14 2.11(5min)
Jan 11 05:26:01 2015 ---- 2.02 2.07(5min)
Jan 11 05:28:01 2015 ---- 2.23 2.13(5min)
Jan 11 05:30:02 2015 ---- 1.99 2.07(5min)
Jan 11 05:32:01 2015 ---- 2.04 2.06(5min)
Jan 11 05:34:01 2015 ---- 2.31 2.13(5min)
Jan 11 05:36:01 2015 ---- 2.23 2.14(5min)
Jan 11 05:38:01 2015 ---- 2.15 2.13(5min)
Jan 11 05:40:02 2015 ---- 2.22 2.13(5min)
Jan 11 05:42:01 2015 ---- 2.08 2.12(5min)
Jan 11 05:44:01 2015 ---- 2.13 2.13(5min)
Jan 11 05:46:01 2015 ---- 2.10 2.11(5min)
Jan 11 05:48:01 2015 ---- 1.99 2.08(5min)
Jan 11 05:50:01 2015 ---- 1.95 2.04(5min)
Jan 11 05:52:01 2015 ---- 2.12 2.08(5min)
Jan 11 05:54:01 2015 ---- 2.06 2.06(5min)
Jan 11 05:56:01 2015 ---- 2.19 2.10(5min)
Jan 11 05:58:01 2015 ---- 2.12 2.10(5min)
Jan 11 06:00:02 2015 ---- 1.28 1.84(5min)
Jan 11 06:02:01 2015 ---- 1.07 1.58(5min)
Jan 11 06:04:01 2015 ---- 1.03 1.40(5min)
Jan 11 06:06:01 2015 ---- 0.95 1.23(5min)
Jan 11 06:08:02 2015 ---- 1.01 1.16(5min)
Jan 11 06:10:01 2015 ---- 1.04 1.13(5min)
Jan 11 06:12:01 2015 ---- 1.12 1.11(5min)
Jan 11 06:14:01 2015 ---- 1.05 1.09(5min)
Jan 11 06:16:01 2015 ---- 1.10 1.08(5min)
Jan 11 06:18:01 2015 ---- 0.96 1.04(5min)
Jan 11 06:20:01 2015 ---- 0.97 1.00(5min)
Jan 11 06:22:01 2015 ---- 1.11 1.05(5min)
Jan 11 06:24:01 2015 ---- 1.00 1.02(5min)
Jan 11 06:26:01 2015 ---- 1.00 1.01(5min)
Jan 11 06:28:01 2015 ---- 0.98 0.99(5min)
Jan 11 06:30:01 2015 ---- 0.98 0.97(5min)
Jan 11 06:32:01 2015 ---- 0.94 0.96(5min)
Jan 11 06:34:01 2015 ---- 1.24 1.08(5min)
Jan 11 06:36:01 2015 ---- 1.09 1.06(5min)
Jan 11 06:38:01 2015 ---- 0.99 1.03(5min)
Jan 11 06:40:01 2015 ---- 1.14 1.06(5min)
Jan 11 06:42:01 2015 ---- 1.01 1.03(5min)
Jan 11 06:44:01 2015 ---- 1.04 1.04(5min)
Jan 11 06:46:01 2015 ---- 0.99 1.02(5min)
Jan 11 06:48:01 2015 ---- 0.99 1.01(5min)
Jan 11 06:50:01 2015 ---- 1.04 1.02(5min)
Jan 11 06:52:01 2015 ---- 1.00 1.01(5min)
Jan 11 06:54:01 2015 ---- 1.03 1.01(5min)
Jan 11 06:56:01 2015 ---- 0.97 0.99(5min)
Jan 11 06:58:01 2015 ---- 0.98 0.97(5min)
Jan 11 07:00:01 2015 ---- 1.02 0.99(5min)
Jan 11 07:02:01 2015 ---- 0.97 0.97(5min)
Jan 11 07:04:01 2015 ---- 1.01 0.98(5min)
Jan 11 07:06:02 2015 ---- 1.02 0.99(5min)
Jan 11 07:08:01 2015 ---- 1.00 0.99(5min)
Jan 11 07:10:01 2015 ---- 0.93 0.96(5min)
Jan 11 07:12:02 2015 ---- 1.07 0.99(5min)
Jan 11 07:14:01 2015 ---- 1.09 1.02(5min)
Jan 11 07:16:01 2015 ---- 0.96 0.99(5min)
Jan 11 07:18:01 2015 ---- 0.95 0.96(5min)
Jan 11 07:20:01 2015 ---- 1.04 0.97(5min)
Jan 11 07:22:01 2015 ---- 1.16 1.02(5min)
Jan 11 07:24:01 2015 ---- 1.48 1.19(5min)
Jan 11 07:26:01 2015 ---- 1.89 1.43(5min)
Jan 11 07:28:01 2015 ---- 1.95 1.61(5min)
Jan 11 07:30:02 2015 ---- 1.55 1.64(5min)
Jan 11 07:32:01 2015 ---- 1.13 1.42(5min)
Jan 11 07:34:01 2015 ---- 1.20 1.35(5min)
Jan 11 07:36:02 2015 ---- 1.07 1.24(5min)
Jan 11 07:38:01 2015 ---- 1.02 1.16(5min)
Jan 11 07:40:01 2015 ---- 0.97 1.09(5min)
Jan 11 07:42:01 2015 ---- 0.97 1.05(5min)
Jan 11 07:44:01 2015 ---- 1.11 1.06(5min)
Jan 11 07:46:01 2015 ---- 1.03 1.05(5min)
Jan 11 07:48:01 2015 ---- 1.10 1.06(5min)
Jan 11 07:50:01 2015 ---- 0.98 1.02(5min)
Jan 11 07:52:01 2015 ---- 1.12 1.05(5min)
Jan 11 07:54:01 2015 ---- 1.12 1.06(5min)
Jan 11 07:56:01 2015 ---- 1.00 1.03(5min)
Jan 11 07:58:01 2015 ---- 1.00 1.01(5min)
Jan 11 08:00:02 2015 ---- 1.05 1.02(5min)
Jan 11 08:02:01 2015 ---- 0.99 1.02(5min)
Jan 11 08:04:01 2015 ---- 0.92 1.00(5min)
Jan 11 08:06:01 2015 ---- 0.99 1.00(5min)
Jan 11 08:08:01 2015 ---- 0.99 1.00(5min)
Jan 11 08:10:02 2015 ---- 0.89 0.97(5min)
Jan 11 08:12:01 2015 ---- 0.95 0.96(5min)
Jan 11 08:14:01 2015 ---- 1.06 1.00(5min)
Jan 11 08:16:01 2015 ---- 1.10 1.03(5min)
Jan 11 08:18:01 2015 ---- 1.07 1.03(5min)
Jan 11 08:20:02 2015 ---- 1.01 1.02(5min)
Jan 11 08:22:01 2015 ---- 1.00 1.01(5min)
Jan 11 08:24:01 2015 ---- 1.07 1.02(5min)
Jan 11 08:26:01 2015 ---- 0.96 0.99(5min)
Jan 11 08:28:01 2015 ---- 0.99 0.99(5min)
Jan 11 08:30:01 2015 ---- 1.08 1.03(5min)
Jan 11 08:32:01 2015 ---- 0.98 1.00(5min)
Jan 11 08:34:01 2015 ---- 1.16 1.06(5min)
Jan 11 08:36:01 2015 ---- 0.99 1.02(5min)
Jan 11 08:38:01 2015 ---- 0.99 1.01(5min)
Jan 11 08:40:01 2015 ---- 1.01 1.02(5min)
Jan 11 08:42:01 2015 ---- 1.02 1.02(5min)
Jan 11 08:44:01 2015 ---- 1.33 1.09(5min)
Jan 11 08:46:01 2015 ---- 0.96 1.03(5min)
Jan 11 08:48:01 2015 ---- 1.05 1.03(5min)
Jan 11 08:50:01 2015 ---- 0.93 0.99(5min)
Jan 11 08:52:01 2015 ---- 0.96 0.98(5min)
Jan 11 08:54:01 2015 ---- 1.13 1.04(5min)
Jan 11 08:56:01 2015 ---- 1.15 1.05(5min)
Jan 11 08:58:01 2015 ---- 0.99 1.02(5min)
Jan 11 09:00:02 2015 ---- 1.01 1.01(5min)
Jan 11 09:02:01 2015 ---- 0.98 1.00(5min)
Jan 11 09:04:01 2015 ---- 1.21 1.05(5min)
Jan 11 09:06:01 2015 ---- 0.99 1.01(5min)
Jan 11 09:08:02 2015 ---- 0.95 0.98(5min)
Jan 11 09:10:01 2015 ---- 1.02 1.00(5min)
Jan 11 09:12:01 2015 ---- 1.05 1.01(5min)
Jan 11 09:14:01 2015 ---- 1.08 1.02(5min)
Jan 11 09:16:01 2015 ---- 0.99 1.00(5min)
Jan 11 09:18:01 2015 ---- 1.07 1.02(5min)
Jan 11 09:20:01 2015 ---- 0.95 0.99(5min)
Jan 11 09:22:01 2015 ---- 0.84 0.93(5min)
Jan 11 09:24:01 2015 ---- 1.02 0.95(5min)
Jan 11 09:26:01 2015 ---- 1.06 0.99(5min)
Jan 11 09:28:01 2015 ---- 0.96 0.98(5min)
Jan 11 09:30:01 2015 ---- 0.93 0.97(5min)
Jan 11 09:32:01 2015 ---- 0.95 0.96(5min)
Jan 11 09:34:01 2015 ---- 1.26 1.02(5min)
Jan 11 09:36:01 2015 ---- 0.98 1.00(5min)
Jan 11 09:38:01 2015 ---- 1.01 1.00(5min)
Jan 11 09:40:02 2015 ---- 1.02 1.01(5min)
Jan 11 09:42:01 2015 ---- 0.97 0.99(5min)
Jan 11 09:44:01 2015 ---- 1.04 0.99(5min)
Jan 11 09:46:01 2015 ---- 0.92 0.97(5min)
Jan 11 09:48:01 2015 ---- 1.06 0.98(5min)
Jan 11 09:50:01 2015 ---- 1.01 0.98(5min)
Jan 11 09:52:01 2015 ---- 1.07 1.01(5min)
Jan 11 09:54:01 2015 ---- 1.08 1.02(5min)
Jan 11 09:56:01 2015 ---- 1.05 1.01(5min)
Jan 11 09:58:01 2015 ---- 1.05 1.03(5min)
Jan 11 10:00:02 2015 ---- 1.10 1.04(5min)
Jan 11 10:02:01 2015 ---- 1.19 1.07(5min)
Jan 11 10:04:01 2015 ---- 1.15 1.07(5min)
Jan 11 10:06:02 2015 ---- 1.05 1.06(5min)
Jan 11 10:08:01 2015 ---- 1.13 1.09(5min)
Jan 11 10:10:01 2015 ---- 1.08 1.07(5min)
Jan 11 10:12:01 2015 ---- 1.01 1.04(5min)
Jan 11 10:14:01 2015 ---- 1.05 1.03(5min)
Jan 11 10:16:01 2015 ---- 0.97 1.00(5min)
Jan 11 10:18:01 2015 ---- 0.99 1.00(5min)
Jan 11 10:20:02 2015 ---- 1.01 1.01(5min)
Jan 11 10:22:01 2015 ---- 1.00 1.02(5min)
Jan 11 10:24:01 2015 ---- 1.07 1.03(5min)
Jan 11 10:26:01 2015 ---- 1.02 1.03(5min)
Jan 11 10:28:01 2015 ---- 0.99 1.03(5min)
Jan 11 10:30:02 2015 ---- 1.05 1.02(5min)
Jan 11 10:32:01 2015 ---- 0.91 0.97(5min)
Jan 11 10:34:01 2015 ---- 1.02 1.00(5min)
Jan 11 10:36:01 2015 ---- 1.13 1.05(5min)
Jan 11 10:38:01 2015 ---- 1.03 1.03(5min)
Jan 11 10:40:01 2015 ---- 1.04 1.04(5min)
Jan 11 10:42:01 2015 ---- 1.03 1.04(5min)
Jan 11 10:44:01 2015 ---- 1.00 1.02(5min)
Jan 11 10:46:01 2015 ---- 1.03 1.03(5min)
Jan 11 10:48:01 2015 ---- 0.98 1.00(5min)
Jan 11 10:50:01 2015 ---- 0.99 1.00(5min)
Jan 11 10:52:01 2015 ---- 1.00 1.00(5min)
Jan 11 10:54:01 2015 ---- 1.02 1.01(5min)
Jan 11 10:56:01 2015 ---- 1.18 1.08(5min)
Jan 11 10:58:01 2015 ---- 1.04 1.05(5min)
Jan 11 11:00:01 2015 ---- 1.00 1.03(5min)
Jan 11 11:02:01 2015 ---- 0.91 0.99(5min)
Jan 11 11:04:01 2015 ---- 1.03 1.00(5min)
Jan 11 11:06:01 2015 ---- 0.95 0.99(5min)
Jan 11 11:08:01 2015 ---- 0.93 0.98(5min)
Jan 11 11:10:02 2015 ---- 0.92 0.97(5min)
Jan 11 11:12:01 2015 ---- 1.01 0.99(5min)
Jan 11 11:14:01 2015 ---- 1.07 1.01(5min)
Jan 11 11:16:01 2015 ---- 1.12 1.09(5min)
Jan 11 11:18:01 2015 ---- 0.96 1.05(5min)
Jan 11 11:20:01 2015 ---- 0.37 0.87(5min)
Jan 11 11:22:01 2015 ---- 0.13 0.59(5min)
Jan 11 11:24:01 2015 ---- 0.12 0.43(5min)
Jan 11 11:26:01 2015 ---- 0.04 0.30(5min)
Jan 11 11:28:01 2015 ---- 0.00 0.20(5min)
Jan 11 11:30:02 2015 ---- 0.25 0.19(5min)
Jan 11 11:32:01 2015 ---- 0.25 0.19(5min)
Jan 11 11:34:01 2015 ---- 0.60 0.35(5min)
Jan 11 11:36:01 2015 ---- 1.15 0.64(5min)
Jan 11 11:38:01 2015 ---- 1.30 0.81(5min)
Jan 11 11:40:01 2015 ---- 1.77 1.07(5min)
Jan 11 11:42:01 2015 ---- 2.02 1.31(5min)
Jan 11 11:44:01 2015 ---- 1.44 1.23(5min)
Jan 11 11:46:01 2015 ---- 1.73 1.44(5min)
Jan 11 11:48:01 2015 ---- 1.67 1.52(5min)
Jan 11 11:50:01 2015 ---- 1.71 1.59(5min)
Jan 11 11:52:01 2015 ---- 0.79 1.40(5min)
Jan 11 11:54:02 2015 ---- 1.50 1.37(5min)
Jan 11 11:56:01 2015 ---- 1.94 1.55(5min)
Jan 11 11:58:01 2015 ---- 1.71 1.61(5min)
Jan 11 12:00:01 2015 ---- 2.03 1.74(5min)
Jan 11 12:02:01 2015 ---- 2.01 1.80(5min)
Jan 11 12:04:01 2015 ---- 1.64 1.73(5min)
Jan 11 12:06:01 2015 ---- 1.94 1.81(5min)
Jan 11 12:08:01 2015 ---- 1.73 1.78(5min)
Jan 11 12:10:02 2015 ---- 1.69 1.78(5min)
Jan 11 12:12:01 2015 ---- 2.07 1.88(5min)
Jan 11 12:14:01 2015 ---- 1.82 1.90(5min)
Jan 11 12:16:02 2015 ---- 1.66 1.82(5min)
Jan 11 12:18:01 2015 ---- 1.66 1.78(5min)
Jan 11 12:20:01 2015 ---- 1.85 1.84(5min)
Jan 11 12:22:01 2015 ---- 1.70 1.80(5min)
Jan 11 12:24:01 2015 ---- 2.07 1.93(5min)
Jan 11 12:26:01 2015 ---- 1.98 1.93(5min)
Jan 11 12:28:01 2015 ---- 1.98 1.95(5min)
Jan 11 12:30:01 2015 ---- 1.52 1.79(5min)
Jan 11 12:32:01 2015 ---- 1.90 1.84(5min)
Jan 11 12:34:01 2015 ---- 2.08 1.93(5min)
Jan 11 12:36:01 2015 ---- 1.95 1.91(5min)
Jan 11 12:38:01 2015 ---- 1.71 1.87(5min)
Jan 11 12:40:01 2015 ---- 1.87 1.87(5min)
Jan 11 12:42:01 2015 ---- 1.95 1.89(5min)
Jan 11 12:44:01 2015 ---- 1.74 1.84(5min)
Jan 11 12:46:01 2015 ---- 1.88 1.88(5min)
Jan 11 12:48:01 2015 ---- 1.96 1.94(5min)
Jan 11 12:50:01 2015 ---- 2.63 2.17(5min)
Jan 11 12:52:01 2015 ---- 2.16 2.12(5min)
Jan 11 12:54:02 2015 ---- 2.08 2.12(5min)
Jan 11 12:56:01 2015 ---- 1.88 2.01(5min)
Jan 11 12:58:01 2015 ---- 1.97 1.99(5min)
Jan 11 13:00:01 2015 ---- 1.50 1.81(5min)
Jan 11 13:02:01 2015 ---- 1.65 1.75(5min)
Jan 11 13:04:01 2015 ---- 1.82 1.75(5min)
Jan 11 13:06:01 2015 ---- 1.99 1.84(5min)
Jan 11 13:08:01 2015 ---- 1.64 1.75(5min)
Jan 11 13:10:01 2015 ---- 1.81 1.78(5min)
Jan 11 13:12:01 2015 ---- 1.92 1.81(5min)
Jan 11 13:14:01 2015 ---- 1.96 1.86(5min)
Jan 11 13:16:01 2015 ---- 1.81 1.84(5min)
Jan 11 13:18:01 2015 ---- 1.85 1.84(5min)
Jan 11 13:20:01 2015 ---- 2.00 1.92(5min)
Jan 11 13:22:01 2015 ---- 1.86 1.87(5min)
Jan 11 13:24:01 2015 ---- 1.97 1.88(5min)
Jan 11 13:26:01 2015 ---- 1.81 1.88(5min)
Jan 11 13:28:01 2015 ---- 2.09 1.95(5min)
Jan 11 13:30:01 2015 ---- 1.60 1.81(5min)
Jan 11 13:32:01 2015 ---- 1.98 1.86(5min)
Jan 11 13:34:01 2015 ---- 1.93 1.86(5min)
Jan 11 13:36:01 2015 ---- 1.52 1.76(5min)
Jan 11 13:38:01 2015 ---- 1.87 1.83(5min)
Jan 11 13:40:02 2015 ---- 1.73 1.76(5min)
Jan 11 13:42:01 2015 ---- 1.83 1.80(5min)
Jan 11 13:44:01 2015 ---- 1.70 1.76(5min)
Jan 11 13:46:01 2015 ---- 1.90 1.83(5min)
Jan 11 13:48:01 2015 ---- 1.83 1.85(5min)
Jan 11 13:50:01 2015 ---- 2.13 1.94(5min)
Jan 11 13:52:02 2015 ---- 1.98 1.92(5min)
Jan 11 13:54:01 2015 ---- 2.14 1.95(5min)
Jan 11 13:56:01 2015 ---- 1.83 1.88(5min)
Jan 11 13:58:01 2015 ---- 1.97 1.92(5min)
Jan 11 14:00:02 2015 ---- 2.07 2.05(5min)
Jan 11 14:02:01 2015 ---- 1.98 1.97(5min)
Jan 11 14:04:01 2015 ---- 1.86 1.91(5min)
Jan 11 14:06:01 2015 ---- 2.22 2.03(5min)
Jan 11 14:08:01 2015 ---- 1.79 1.94(5min)
Jan 11 14:10:01 2015 ---- 1.90 1.94(5min)
Jan 11 14:12:01 2015 ---- 1.75 1.85(5min)
Jan 11 14:14:01 2015 ---- 1.62 1.79(5min)
Jan 11 14:16:01 2015 ---- 1.92 1.84(5min)
Jan 11 14:18:02 2015 ---- 2.08 1.93(5min)
Jan 11 14:20:01 2015 ---- 1.97 1.93(5min)
Jan 11 14:22:01 2015 ---- 1.66 1.83(5min)
Jan 11 14:24:01 2015 ---- 1.82 1.80(5min)
Jan 11 14:26:01 2015 ---- 1.93 1.85(5min)
Jan 11 14:28:01 2015 ---- 1.63 1.80(5min)
Jan 11 14:30:01 2015 ---- 2.03 1.91(5min)
Jan 11 14:32:01 2015 ---- 1.79 1.84(5min)
Jan 11 14:34:01 2015 ---- 1.90 1.85(5min)
Jan 11 14:36:01 2015 ---- 1.94 1.88(5min)
Jan 11 14:38:01 2015 ---- 1.76 1.85(5min)
Jan 11 14:40:01 2015 ---- 1.91 1.85(5min)
Jan 11 14:42:01 2015 ---- 2.01 1.97(5min)
Jan 11 14:44:01 2015 ---- 2.01 1.95(5min)
Jan 11 14:46:01 2015 ---- 1.78 1.89(5min)
Jan 11 14:48:01 2015 ---- 1.73 1.84(5min)
Jan 11 14:50:02 2015 ---- 1.97 1.89(5min)
Jan 11 14:52:01 2015 ---- 1.76 1.84(5min)
Jan 11 14:54:01 2015 ---- 1.79 1.80(5min)
Jan 11 14:56:01 2015 ---- 1.80 1.79(5min)
Jan 11 14:58:01 2015 ---- 2.00 1.82(5min)
Jan 11 15:00:02 2015 ---- 1.85 1.83(5min)
Jan 11 15:02:01 2015 ---- 1.89 1.82(5min)
Jan 11 15:04:01 2015 ---- 1.62 1.74(5min)
Jan 11 15:06:01 2015 ---- 2.12 1.89(5min)
Jan 11 15:08:01 2015 ---- 1.76 1.85(5min)
Jan 11 15:10:02 2015 ---- 1.57 1.77(5min)
Jan 11 15:12:01 2015 ---- 1.95 1.82(5min)
Jan 11 15:14:01 2015 ---- 1.70 1.77(5min)
Jan 11 15:16:01 2015 ---- 1.64 1.75(5min)
Jan 11 15:18:01 2015 ---- 1.84 1.77(5min)
Jan 11 15:20:01 2015 ---- 1.96 1.81(5min)
Jan 11 15:22:01 2015 ---- 2.23 1.91(5min)
Jan 11 15:24:02 2015 ---- 2.12 2.03(5min)
Jan 11 15:26:01 2015 ---- 1.87 1.96(5min)
Jan 11 15:28:01 2015 ---- 1.77 1.93(5min)
Jan 11 15:30:01 2015 ---- 1.95 1.94(5min)
Jan 11 15:32:01 2015 ---- 1.90 1.91(5min)
Jan 11 15:34:01 2015 ---- 1.94 1.95(5min)
Jan 11 15:36:01 2015 ---- 2.14 2.01(5min)
Jan 11 15:38:01 2015 ---- 1.75 1.91(5min)
Jan 11 15:40:01 2015 ---- 1.88 1.93(5min)
Jan 11 15:42:01 2015 ---- 2.25 2.01(5min)
Jan 11 15:44:01 2015 ---- 2.26 2.04(5min)
Jan 11 15:46:01 2015 ---- 1.96 1.97(5min)
Jan 11 15:48:01 2015 ---- 1.77 1.89(5min)
Jan 11 15:50:02 2015 ---- 1.87 1.89(5min)
Jan 11 15:52:01 2015 ---- 1.89 1.87(5min)
Jan 11 15:54:01 2015 ---- 1.85 1.86(5min)
Jan 11 15:56:01 2015 ---- 1.70 1.83(5min)
Jan 11 15:58:01 2015 ---- 2.30 1.99(5min)
Jan 11 16:00:02 2015 ---- 1.95 1.98(5min)
Jan 11 16:02:01 2015 ---- 1.86 1.92(5min)
Jan 11 16:04:01 2015 ---- 1.79 1.86(5min)
Jan 11 16:06:01 2015 ---- 1.86 1.85(5min)
Jan 11 16:08:01 2015 ---- 1.70 1.77(5min)
Jan 11 16:10:01 2015 ---- 1.83 1.82(5min)
Jan 11 16:12:01 2015 ---- 1.85 1.82(5min)
Jan 11 16:14:01 2015 ---- 1.75 1.79(5min)
Jan 11 16:16:01 2015 ---- 2.02 1.86(5min)
Jan 11 16:18:01 2015 ---- 1.99 1.87(5min)
Jan 11 16:20:01 2015 ---- 1.90 1.88(5min)
Jan 11 16:22:01 2015 ---- 1.82 1.82(5min)
Jan 11 16:24:01 2015 ---- 1.83 1.82(5min)
Jan 11 16:26:01 2015 ---- 1.66 1.79(5min)
Jan 11 16:28:01 2015 ---- 1.91 1.83(5min)
Jan 11 16:30:01 2015 ---- 1.94 1.89(5min)
Jan 11 16:32:01 2015 ---- 1.94 1.86(5min)
Jan 11 16:34:01 2015 ---- 1.92 1.92(5min)
Jan 11 16:36:01 2015 ---- 1.96 1.96(5min)
Jan 11 16:38:01 2015 ---- 2.16 1.99(5min)
Jan 11 16:40:01 2015 ---- 1.77 1.90(5min)
Jan 11 16:42:01 2015 ---- 2.12 1.99(5min)
Jan 11 16:44:01 2015 ---- 1.83 1.93(5min)
Jan 11 16:46:01 2015 ---- 1.85 1.88(5min)
Jan 11 16:48:01 2015 ---- 1.68 1.78(5min)
Jan 11 16:50:01 2015 ---- 1.90 1.80(5min)
Jan 11 16:52:01 2015 ---- 1.88 1.82(5min)
Jan 11 16:54:01 2015 ---- 2.04 1.88(5min)
Jan 11 16:56:01 2015 ---- 2.04 1.94(5min)
Jan 11 16:58:01 2015 ---- 1.96 1.94(5min)
Jan 11 17:00:01 2015 ---- 1.80 1.89(5min)
Jan 11 17:02:01 2015 ---- 1.76 1.85(5min)
Jan 11 17:04:01 2015 ---- 1.83 1.89(5min)
Jan 11 17:06:01 2015 ---- 1.65 1.83(5min)
Jan 11 17:08:01 2015 ---- 1.67 1.79(5min)
Jan 11 17:10:01 2015 ---- 1.72 1.75(5min)
Jan 11 17:12:01 2015 ---- 1.98 1.82(5min)
Jan 11 17:14:01 2015 ---- 2.07 1.89(5min)
Jan 11 17:16:01 2015 ---- 2.45 2.01(5min)
Jan 11 17:18:01 2015 ---- 1.92 1.96(5min)
Jan 11 17:20:01 2015 ---- 1.97 1.98(5min)
Jan 11 17:22:01 2015 ---- 1.80 1.94(5min)
Jan 11 17:24:01 2015 ---- 1.65 1.85(5min)
Jan 11 17:26:01 2015 ---- 0.53 1.44(5min)
Jan 11 17:28:01 2015 ---- 0.21 1.03(5min)
Jan 11 17:30:01 2015 ---- 0.18 0.73(5min)
Jan 11 17:32:01 2015 ---- 0.05 0.50(5min)
Jan 11 17:34:01 2015 ---- 0.04 0.35(5min)
Jan 11 17:36:01 2015 ---- 0.07 0.26(5min)
Jan 11 17:38:01 2015 ---- 7.99 2.55(5min)
Jan 11 17:40:04 2015 ---- 9.00 4.46(5min)
Jan 11 17:42:01 2015 ---- 13.91 6.98(5min)
Jan 11 17:44:01 2015 ---- 7.30 6.86(5min)
Jan 11 17:46:01 2015 ---- 14.77 9.80(5min)
Jan 11 17:48:01 2015 ---- 8.13 9.29(5min)
Jan 11 17:50:01 2015 ---- 9.99 10.21(5min)
Jan 11 17:52:01 2015 ---- 3.82 7.92(5min)
Jan 11 17:54:01 2015 ---- 12.17 11.46(5min)
Jan 11 17:56:01 2015 ---- 5.42 9.24(5min)
Jan 11 17:58:01 2015 ---- 14.13 12.10(5min)
Jan 11 18:00:02 2015 ---- 7.35 9.64(5min)
Jan 11 18:02:01 2015 ---- 9.47 11.73(5min)
Jan 11 18:04:01 2015 ---- 3.33 8.65(5min)
Jan 11 18:06:01 2015 ---- 22.31 14.54(5min)
Jan 11 18:08:01 2015 ---- 5.08 10.57(5min)
Jan 11 18:10:01 2015 ---- 24.39 13.65(5min)
Jan 11 18:12:01 2015 ---- 5.34 9.94(5min)
Jan 11 18:14:02 2015 ---- 4.32 7.83(5min)
Jan 11 18:16:01 2015 ---- 14.09 12.74(5min)
Jan 11 18:18:01 2015 ---- 4.21 9.44(5min)
Jan 11 18:20:01 2015 ---- 2.72 7.12(5min)
Jan 11 18:22:01 2015 ---- 25.28 14.97(5min)
Jan 11 18:24:01 2015 ---- 5.41 10.77(5min)
Jan 11 18:26:01 2015 ---- 2.81 8.00(5min)
Jan 11 18:28:01 2015 ---- 2.92 6.29(5min)
Jan 11 18:30:02 2015 ---- 2.37 4.98(5min)
Jan 11 18:32:01 2015 ---- 6.44 4.99(5min)
Jan 11 18:34:01 2015 ---- 37.82 16.27(5min)
Jan 11 18:36:01 2015 ---- 9.94 13.13(5min)
Jan 11 18:38:02 2015 ---- 4.65 10.16(5min)
Jan 11 18:40:01 2015 ---- 2.90 7.73(5min)
Jan 11 18:42:01 2015 ---- 2.56 5.98(5min)
Jan 11 18:44:01 2015 ---- 3.19 5.07(5min)
Jan 11 18:46:01 2015 ---- 2.51 4.18(5min)
Jan 11 18:48:01 2015 ---- 2.41 3.61(5min)
Jan 11 18:50:03 2015 ---- 2.67 3.33(5min)
Jan 11 18:52:01 2015 ---- 6.54 3.90(5min)
Jan 11 18:54:01 2015 ---- 34.84 14.73(5min)
Jan 11 18:56:01 2015 ---- 14.94 16.15(5min)
Jan 11 18:58:01 2015 ---- 5.07 12.04(5min)
Jan 11 19:00:03 2015 ---- 3.52 9.09(5min)
Jan 11 19:02:01 2015 ---- 2.58 6.90(5min)
Jan 11 19:04:01 2015 ---- 2.45 5.42(5min)
Jan 11 19:06:01 2015 ---- 2.59 4.48(5min)
Jan 11 19:08:01 2015 ---- 2.34 3.79(5min)
Jan 11 19:10:01 2015 ---- 2.67 3.44(5min)
Jan 11 19:12:01 2015 ---- 3.11 3.35(5min)
Jan 11 19:14:01 2015 ---- 2.56 3.05(5min)
Jan 11 19:16:01 2015 ---- 2.45 2.85(5min)
Jan 11 19:18:01 2015 ---- 2.88 2.87(5min)
Jan 11 19:20:01 2015 ---- 2.67 2.83(5min)
Jan 11 19:22:01 2015 ---- 3.22 2.93(5min)
Jan 11 19:24:01 2015 ---- 4.34 3.30(5min)
Jan 11 19:26:01 2015 ---- 9.52 4.93(5min)
Jan 11 19:28:01 2015 ---- 25.68 12.52(5min)
Jan 11 19:30:01 2015 ---- 18.32 16.85(5min)
Jan 11 19:32:01 2015 ---- 4.92 12.18(5min)
Jan 11 19:34:01 2015 ---- 3.36 9.30(5min)
Jan 11 19:36:01 2015 ---- 2.87 7.15(5min)
Jan 11 19:38:01 2015 ---- 2.79 5.72(5min)
Jan 11 19:40:01 2015 ---- 2.82 4.75(5min)
Jan 11 19:42:01 2015 ---- 3.62 4.36(5min)
Jan 11 19:44:01 2015 ---- 3.94 4.14(5min)
Jan 11 19:46:01 2015 ---- 3.51 3.95(5min)
Jan 11 19:48:02 2015 ---- 2.58 3.45(5min)
Jan 11 19:50:03 2015 ---- 2.62 3.16(5min)
Jan 11 19:52:01 2015 ---- 2.79 3.04(5min)
Jan 11 19:54:01 2015 ---- 2.77 2.89(5min)
Jan 11 19:56:01 2015 ---- 3.14 3.06(5min)
Jan 11 19:58:01 2015 ---- 2.70 2.93(5min)
Jan 11 20:00:02 2015 ---- 2.61 2.84(5min)
Jan 11 20:02:01 2015 ---- 2.62 2.77(5min)
Jan 11 20:04:01 2015 ---- 2.94 2.81(5min)
Jan 11 20:06:02 2015 ---- 3.77 3.09(5min)
Jan 11 20:08:01 2015 ---- 4.45 3.41(5min)
Jan 11 20:10:01 2015 ---- 5.70 4.09(5min)
Jan 11 20:12:01 2015 ---- 5.82 4.63(5min)
Jan 11 20:14:02 2015 ---- 5.14 4.76(5min)
Jan 11 20:16:01 2015 ---- 3.91 4.42(5min)
Jan 11 20:18:01 2015 ---- 4.44 4.52(5min)
Jan 11 20:20:01 2015 ---- 3.84 4.27(5min)
Jan 11 20:22:01 2015 ---- 3.86 4.10(5min)
Jan 11 20:24:02 2015 ---- 3.89 4.04(5min)
Jan 11 20:26:01 2015 ---- 3.73 3.94(5min)
Jan 11 20:28:01 2015 ---- 4.31 4.04(5min)
Jan 11 20:30:02 2015 ---- 4.45 4.23(5min)
Jan 11 20:32:01 2015 ---- 4.06 4.15(5min)
Jan 11 20:34:01 2015 ---- 4.47 4.24(5min)
Jan 11 20:36:01 2015 ---- 4.47 4.35(5min)
Jan 11 20:38:01 2015 ---- 4.82 4.51(5min)
Jan 11 20:40:01 2015 ---- 5.56 4.92(5min)
Jan 11 20:42:01 2015 ---- 5.12 5.26(5min)
Jan 11 20:44:01 2015 ---- 3.97 4.78(5min)
Jan 11 20:46:01 2015 ---- 3.82 4.44(5min)
Jan 11 20:48:02 2015 ---- 3.82 4.19(5min)
Jan 11 20:50:01 2015 ---- 3.75 4.04(5min)
Jan 11 20:52:01 2015 ---- 4.85 4.35(5min)
Jan 11 20:54:01 2015 ---- 4.85 4.58(5min)
Jan 11 20:56:01 2015 ---- 4.27 4.43(5min)
Jan 11 20:58:01 2015 ---- 4.60 4.51(5min)
Jan 11 21:00:01 2015 ---- 4.33 4.46(5min)
Jan 11 21:02:02 2015 ---- 4.18 4.42(5min)
Jan 11 21:04:01 2015 ---- 5.12 4.72(5min)
Jan 11 21:06:01 2015 ---- 4.60 4.82(5min)
Jan 11 21:08:01 2015 ---- 2.56 4.01(5min)
Jan 11 21:10:02 2015 ---- 2.56 3.49(5min)
Jan 11 21:12:01 2015 ---- 2.43 3.13(5min)
Jan 11 21:14:01 2015 ---- 2.36 2.88(5min)
Jan 11 21:16:01 2015 ---- 2.28 2.68(5min)
Jan 11 21:18:01 2015 ---- 2.40 2.63(5min)
Jan 11 21:20:01 2015 ---- 2.40 2.56(5min)
Jan 11 21:22:01 2015 ---- 2.25 2.48(5min)
Jan 11 21:24:01 2015 ---- 2.39 2.47(5min)
Jan 11 21:26:01 2015 ---- 2.45 2.47(5min)
Jan 11 21:28:01 2015 ---- 2.53 2.47(5min)
Jan 11 21:30:01 2015 ---- 2.19 2.38(5min)
Jan 11 21:32:01 2015 ---- 2.37 2.40(5min)
Jan 11 21:34:01 2015 ---- 2.33 2.38(5min)
Jan 11 21:36:01 2015 ---- 2.85 2.51(5min)
Jan 11 21:38:01 2015 ---- 3.33 2.80(5min)
Jan 11 21:40:01 2015 ---- 3.30 2.98(5min)
Jan 11 21:42:01 2015 ---- 3.21 3.03(5min)
Jan 11 21:44:01 2015 ---- 3.41 3.16(5min)
Jan 11 21:46:01 2015 ---- 3.07 3.13(5min)
Jan 11 21:48:01 2015 ---- 3.19 3.15(5min)
Jan 11 21:50:01 2015 ---- 3.33 3.21(5min)
Jan 11 21:52:01 2015 ---- 3.36 3.28(5min)
Jan 11 21:54:01 2015 ---- 3.35 3.29(5min)
Jan 11 21:56:01 2015 ---- 3.44 3.33(5min)
Jan 11 21:58:01 2015 ---- 3.44 3.34(5min)
Jan 11 22:00:02 2015 ---- 3.12 3.26(5min)
Jan 11 22:02:01 2015 ---- 3.35 3.29(5min)
Jan 11 22:04:01 2015 ---- 3.38 3.32(5min)
Jan 11 22:06:01 2015 ---- 3.34 3.33(5min)
Jan 11 22:08:02 2015 ---- 3.38 3.35(5min)
Jan 11 22:10:01 2015 ---- 3.39 3.36(5min)
Jan 11 22:12:01 2015 ---- 3.23 3.33(5min)
Jan 11 22:14:01 2015 ---- 3.37 3.32(5min)
Jan 11 22:16:01 2015 ---- 3.24 3.29(5min)
Jan 11 22:18:01 2015 ---- 3.67 3.37(5min)
Jan 11 22:20:01 2015 ---- 3.21 3.32(5min)
Jan 11 22:22:01 2015 ---- 3.13 3.27(5min)
Jan 11 22:24:01 2015 ---- 3.41 3.34(5min)
Jan 11 22:26:01 2015 ---- 3.29 3.32(5min)
Jan 11 22:28:01 2015 ---- 3.10 3.26(5min)
Jan 11 22:30:02 2015 ---- 3.51 3.39(5min)
Jan 11 22:32:01 2015 ---- 3.48 3.40(5min)
Jan 11 22:34:01 2015 ---- 3.28 3.37(5min)
Jan 11 22:36:01 2015 ---- 3.44 3.40(5min)
Jan 11 22:38:01 2015 ---- 3.31 3.36(5min)
Jan 11 22:40:01 2015 ---- 3.33 3.36(5min)
Jan 11 22:42:01 2015 ---- 3.05 3.26(5min)
Jan 11 22:44:01 2015 ---- 3.19 3.26(5min)
Jan 11 22:46:01 2015 ---- 3.04 3.17(5min)
Jan 11 22:48:01 2015 ---- 3.10 3.13(5min)
Jan 11 22:50:01 2015 ---- 3.23 3.22(5min)
Jan 11 22:52:01 2015 ---- 3.37 3.26(5min)
Jan 11 22:54:01 2015 ---- 3.19 3.20(5min)
Jan 11 22:56:01 2015 ---- 3.21 3.20(5min)
Jan 11 22:58:01 2015 ---- 3.27 3.24(5min)
Jan 11 23:00:02 2015 ---- 3.35 3.29(5min)
Jan 11 23:02:01 2015 ---- 3.37 3.30(5min)
Jan 11 23:04:01 2015 ---- 12.06 5.57(5min)
Jan 11 23:06:01 2015 ---- 17.22 9.51(5min)
Jan 11 23:08:02 2015 ---- 17.89 12.38(5min)
Jan 11 23:10:02 2015 ---- 15.56 13.55(5min)
Jan 11 23:12:01 2015 ---- 18.89 15.20(5min)
Jan 11 23:14:01 2015 ---- 18.46 16.78(5min)
Jan 11 23:16:01 2015 ---- 53.33 27.74(5min)
Jan 11 23:18:01 2015 ---- 44.76 39.55(5min)
Jan 11 23:20:01 2015 ---- 10.30 28.16(5min)
Jan 11 23:22:01 2015 ---- 8.53 21.47(5min)
Jan 11 23:24:01 2015 ---- 9.82 17.57(5min)
Jan 11 23:26:01 2015 ---- 9.24 14.67(5min)
Jan 11 23:28:01 2015 ---- 10.28 13.00(5min)
Jan 11 23:30:01 2015 ---- 9.97 11.69(5min)
Jan 11 23:32:01 2015 ---- 7.83 10.35(5min)
Jan 11 23:34:01 2015 ---- 10.16 10.26(5min)
Jan 11 23:36:01 2015 ---- 13.93 11.01(5min)
Jan 11 23:38:01 2015 ---- 12.61 11.41(5min)
Jan 11 23:40:01 2015 ---- 11.22 10.98(5min)
Jan 11 23:42:01 2015 ---- 14.07 11.70(5min)
Jan 11 23:44:01 2015 ---- 10.51 11.03(5min)
Jan 11 23:46:02 2015 ---- 10.33 10.74(5min)
Jan 11 23:48:01 2015 ---- 10.57 10.54(5min)
Jan 11 23:50:01 2015 ---- 10.93 10.67(5min)
Jan 11 23:52:01 2015 ---- 7.88 9.64(5min)
Jan 11 23:54:01 2015 ---- 6.28 8.45(5min)
Jan 11 23:56:01 2015 ---- 5.55 7.56(5min)
Jan 11 23:58:01 2015 ---- 4.58 6.53(5min)
Jan 12 00:00:02 2015 ---- 4.49 5.83(5min)
Jan 12 00:02:01 2015 ---- 4.49 5.40(5min)
Jan 12 00:04:01 2015 ---- 5.01 5.28(5min)
Jan 12 00:06:01 2015 ---- 4.88 5.19(5min)
Jan 12 00:08:01 2015 ---- 4.60 4.95(5min)
Jan 12 00:10:01 2015 ---- 4.54 4.81(5min)
Jan 12 00:12:01 2015 ---- 4.49 4.70(5min)
Jan 12 00:14:01 2015 ---- 4.44 4.62(5min)
Jan 12 00:16:01 2015 ---- 4.51 4.57(5min)
Jan 12 00:18:01 2015 ---- 4.11 4.41(5min)
Jan 12 00:20:01 2015 ---- 4.35 4.36(5min)
Jan 12 00:22:01 2015 ---- 4.29 4.33(5min)
Jan 12 00:24:01 2015 ---- 4.30 4.33(5min)
Jan 12 00:26:01 2015 ---- 4.11 4.24(5min)
Jan 12 00:28:01 2015 ---- 4.48 4.30(5min)
Jan 12 00:30:01 2015 ---- 4.36 4.33(5min)
Jan 12 00:32:01 2015 ---- 3.41 3.97(5min)
Jan 12 00:34:01 2015 ---- 2.87 3.61(5min)
Jan 12 00:36:01 2015 ---- 3.47 3.58(5min)
Jan 12 00:38:01 2015 ---- 3.35 3.50(5min)
Jan 12 00:40:01 2015 ---- 3.32 3.45(5min)
Jan 12 00:42:01 2015 ---- 3.33 3.40(5min)
Jan 12 00:44:01 2015 ---- 3.26 3.35(5min)
Jan 12 00:46:01 2015 ---- 3.25 3.31(5min)
Jan 12 00:48:01 2015 ---- 3.24 3.29(5min)
Jan 12 00:50:01 2015 ---- 3.18 3.25(5min)
Jan 12 00:52:01 2015 ---- 3.21 3.26(5min)
Jan 12 00:54:01 2015 ---- 3.51 3.35(5min)
Jan 12 00:56:01 2015 ---- 3.42 3.34(5min)
Jan 12 00:58:02 2015 ---- 3.30 3.34(5min)
Jan 12 01:00:02 2015 ---- 3.47 3.38(5min)
Jan 12 01:02:01 2015 ---- 4.17 3.72(5min)
Jan 12 01:04:01 2015 ---- 4.67 4.06(5min)
Jan 12 01:06:01 2015 ---- 3.71 3.94(5min)
Jan 12 01:08:02 2015 ---- 3.43 3.73(5min)
Jan 12 01:10:01 2015 ---- 3.30 3.58(5min)
Jan 12 01:12:01 2015 ---- 3.05 3.43(5min)
Jan 12 01:14:01 2015 ---- 3.17 3.36(5min)
Jan 12 01:16:01 2015 ---- 3.27 3.31(5min)
Jan 12 01:18:01 2015 ---- 2.36 3.00(5min)
Jan 12 01:20:01 2015 ---- 2.50 2.82(5min)
Jan 12 01:22:01 2015 ---- 2.17 2.59(5min)
Jan 12 01:24:01 2015 ---- 2.22 2.48(5min)
Jan 12 01:26:01 2015 ---- 2.18 2.38(5min)
Jan 12 01:28:01 2015 ---- 2.09 2.30(5min)
Jan 12 01:30:02 2015 ---- 2.21 2.24(5min)
Jan 12 01:32:01 2015 ---- 2.06 2.17(5min)
Jan 12 01:34:02 2015 ---- 2.25 2.21(5min)
Jan 12 01:36:01 2015 ---- 2.22 2.22(5min)
Jan 12 01:38:01 2015 ---- 2.16 2.18(5min)
Jan 12 01:40:01 2015 ---- 2.19 2.17(5min)
Jan 12 01:42:01 2015 ---- 2.20 2.19(5min)
Jan 12 01:44:01 2015 ---- 2.31 2.26(5min)
Jan 12 01:46:01 2015 ---- 2.26 2.26(5min)
Jan 12 01:48:01 2015 ---- 2.09 2.22(5min)
Jan 12 01:50:01 2015 ---- 2.20 2.23(5min)
Jan 12 01:52:01 2015 ---- 2.08 2.21(5min)
Jan 12 01:54:01 2015 ---- 2.04 2.16(5min)
Jan 12 01:56:01 2015 ---- 2.44 2.26(5min)
Jan 12 01:58:01 2015 ---- 2.16 2.22(5min)
Jan 12 02:00:02 2015 ---- 2.19 2.22(5min)
Jan 12 02:02:01 2015 ---- 2.24 2.21(5min)
Jan 12 02:04:01 2015 ---- 2.20 2.22(5min)
Jan 12 02:06:01 2015 ---- 2.07 2.17(5min)
Jan 12 02:08:01 2015 ---- 2.11 2.16(5min)
Jan 12 02:10:01 2015 ---- 2.12 2.13(5min)
Jan 12 02:12:01 2015 ---- 2.21 2.14(5min)
Jan 12 02:14:01 2015 ---- 2.12 2.12(5min)
Jan 12 02:16:02 2015 ---- 2.29 2.17(5min)
Jan 12 02:18:01 2015 ---- 2.25 2.20(5min)
Jan 12 02:20:01 2015 ---- 2.43 2.29(5min)
Jan 12 02:22:01 2015 ---- 2.41 2.31(5min)
Jan 12 02:24:01 2015 ---- 2.12 2.24(5min)
Jan 12 02:26:01 2015 ---- 2.10 2.20(5min)
Jan 12 02:28:01 2015 ---- 2.20 2.21(5min)
Jan 12 02:30:02 2015 ---- 2.20 2.18(5min)
Jan 12 02:32:01 2015 ---- 2.71 2.53(5min)
Jan 12 02:34:01 2015 ---- 2.30 2.43(5min)
Jan 12 02:36:01 2015 ---- 2.10 2.30(5min)
Jan 12 02:38:01 2015 ---- 2.25 2.28(5min)
Jan 12 02:40:01 2015 ---- 2.28 2.27(5min)
Jan 12 02:42:01 2015 ---- 2.10 2.23(5min)
Jan 12 02:44:01 2015 ---- 2.26 2.24(5min)
Jan 12 02:46:01 2015 ---- 2.45 2.30(5min)
Jan 12 02:48:01 2015 ---- 2.13 2.22(5min)
Jan 12 02:50:03 2015 ---- 2.19 2.21(5min)
Jan 12 02:52:01 2015 ---- 2.23 2.24(5min)
Jan 12 02:54:01 2015 ---- 2.07 2.18(5min)
Jan 12 02:56:01 2015 ---- 2.36 2.22(5min)
Jan 12 02:58:01 2015 ---- 2.21 2.22(5min)
Jan 12 03:00:02 2015 ---- 2.14 2.19(5min)
Jan 12 03:02:01 2015 ---- 2.11 2.17(5min)
Jan 12 03:04:01 2015 ---- 2.10 2.14(5min)
Jan 12 03:06:01 2015 ---- 2.23 2.17(5min)
Jan 12 03:08:01 2015 ---- 2.20 2.16(5min)
Jan 12 03:10:02 2015 ---- 2.21 2.18(5min)
Jan 12 03:12:01 2015 ---- 2.16 2.18(5min)
Jan 12 03:14:01 2015 ---- 2.31 2.23(5min)
Jan 12 03:16:01 2015 ---- 2.27 2.22(5min)
Jan 12 03:18:01 2015 ---- 2.30 2.23(5min)
Jan 12 03:20:02 2015 ---- 2.21 2.22(5min)
Jan 12 03:22:01 2015 ---- 2.50 2.31(5min)
Jan 12 03:24:01 2015 ---- 2.19 2.27(5min)
Jan 12 03:26:01 2015 ---- 2.40 2.33(5min)
Jan 12 03:28:01 2015 ---- 2.37 2.32(5min)
Jan 12 03:30:02 2015 ---- 2.31 2.33(5min)
Jan 12 03:32:01 2015 ---- 2.21 2.27(5min)
Jan 12 03:34:01 2015 ---- 2.07 2.21(5min)
Jan 12 03:36:01 2015 ---- 2.22 2.21(5min)
Jan 12 03:38:01 2015 ---- 2.10 2.16(5min)
Jan 12 03:40:01 2015 ---- 2.29 2.20(5min)
Jan 12 03:42:01 2015 ---- 2.21 2.21(5min)
Jan 12 03:44:01 2015 ---- 2.15 2.20(5min)
Jan 12 03:46:01 2015 ---- 2.21 2.21(5min)
Jan 12 03:48:01 2015 ---- 2.13 2.16(5min)
Jan 12 03:50:01 2015 ---- 2.18 2.16(5min)
Jan 12 03:52:01 2015 ---- 2.14 2.14(5min)
Jan 12 03:54:01 2015 ---- 2.19 2.15(5min)
Jan 12 03:56:01 2015 ---- 2.12 2.14(5min)
Jan 12 03:58:01 2015 ---- 7.70 3.57(5min)
Jan 12 04:00:01 2015 ---- 14.72 7.42(5min)
Jan 12 04:02:01 2015 ---- 35.86 17.42(5min)
Jan 12 04:04:01 2015 ---- 24.82 22.50(5min)
Jan 12 04:06:01 2015 ---- 7.83 16.75(5min)
Jan 12 04:08:01 2015 ---- 5.49 12.91(5min)
Jan 12 04:10:01 2015 ---- 5.73 10.60(5min)
Jan 12 04:12:01 2015 ---- 5.33 8.94(5min)
Jan 12 04:14:01 2015 ---- 4.61 7.65(5min)
Jan 12 04:16:01 2015 ---- 5.83 7.28(5min)
Jan 12 04:18:01 2015 ---- 6.34 6.97(5min)
Jan 12 04:20:01 2015 ---- 5.50 6.50(5min)
Jan 12 04:22:01 2015 ---- 4.43 5.76(5min)
Jan 12 04:24:01 2015 ---- 3.88 5.12(5min)
Jan 12 04:26:01 2015 ---- 4.28 4.85(5min)
Jan 12 04:28:01 2015 ---- 4.26 4.66(5min)
Jan 12 04:30:02 2015 ---- 4.39 4.67(5min)
Jan 12 04:32:01 2015 ---- 6.13 5.07(5min)
Jan 12 04:34:01 2015 ---- 5.92 5.36(5min)
Jan 12 04:36:01 2015 ---- 5.41 5.45(5min)
Jan 12 04:38:01 2015 ---- 3.70 4.75(5min)
Jan 12 04:40:01 2015 ---- 3.32 4.23(5min)
Jan 12 04:42:01 2015 ---- 3.37 3.95(5min)
Jan 12 04:44:02 2015 ---- 3.17 3.70(5min)
Jan 12 04:46:01 2015 ---- 3.01 3.55(5min)
Jan 12 04:48:01 2015 ---- 2.43 3.13(5min)
Jan 12 04:50:01 2015 ---- 2.21 2.80(5min)
Jan 12 04:52:01 2015 ---- 2.18 2.59(5min)
Jan 12 04:54:01 2015 ---- 2.35 2.49(5min)
Jan 12 04:56:01 2015 ---- 2.16 2.36(5min)
Jan 12 04:58:01 2015 ---- 2.12 2.28(5min)
Jan 12 05:00:01 2015 ---- 2.12 2.25(5min)
Jan 12 05:02:01 2015 ---- 2.24 2.23(5min)
Jan 12 05:04:01 2015 ---- 2.25 2.22(5min)
Jan 12 05:06:01 2015 ---- 2.29 2.22(5min)
Jan 12 05:08:01 2015 ---- 2.05 2.17(5min)
Jan 12 05:10:01 2015 ---- 3.29 2.41(5min)
Jan 12 05:12:01 2015 ---- 1.45 1.97(5min)
Jan 12 05:14:01 2015 ---- 0.97 1.63(5min)
Jan 12 05:16:01 2015 ---- 1.00 1.41(5min)
Jan 12 05:18:01 2015 ---- 2.33 1.53(5min)
Jan 12 05:20:01 2015 ---- 1.34 1.39(5min)
Jan 12 05:22:01 2015 ---- 1.88 1.57(5min)
Jan 12 05:24:01 2015 ---- 2.05 1.73(5min)
Jan 12 05:26:01 2015 ---- 2.07 1.84(5min)
Jan 12 05:28:01 2015 ---- 1.32 1.64(5min)
Jan 12 05:30:02 2015 ---- 1.01 1.41(5min)
Jan 12 05:32:01 2015 ---- 0.97 1.25(5min)
Jan 12 05:34:01 2015 ---- 0.99 1.16(5min)
Jan 12 05:36:01 2015 ---- 1.12 1.15(5min)
Jan 12 05:38:01 2015 ---- 1.11 1.12(5min)
Jan 12 05:40:01 2015 ---- 0.98 1.06(5min)
Jan 12 05:42:01 2015 ---- 1.05 1.06(5min)
Jan 12 05:44:01 2015 ---- 1.02 1.05(5min)
Jan 12 05:46:01 2015 ---- 1.01 1.03(5min)
Jan 12 05:48:01 2015 ---- 0.99 1.00(5min)
Jan 12 05:50:02 2015 ---- 1.01 1.00(5min)
Jan 12 05:52:01 2015 ---- 1.04 1.00(5min)
Jan 12 05:54:01 2015 ---- 1.00 1.00(5min)
Jan 12 05:56:01 2015 ---- 1.06 1.03(5min)
Jan 12 05:58:01 2015 ---- 2.34 1.32(5min)
Jan 12 06:00:01 2015 ---- 1.18 1.21(5min)
Jan 12 06:02:01 2015 ---- 1.00 1.12(5min)
Jan 12 06:04:01 2015 ---- 1.07 1.12(5min)
Jan 12 06:06:01 2015 ---- 0.99 1.08(5min)
Jan 12 06:08:01 2015 ---- 0.99 1.05(5min)
Jan 12 06:10:01 2015 ---- 0.95 1.02(5min)
Jan 12 06:12:01 2015 ---- 0.99 1.00(5min)
Jan 12 06:14:01 2015 ---- 0.96 0.99(5min)
Jan 12 06:16:01 2015 ---- 1.13 1.04(5min)
Jan 12 06:18:01 2015 ---- 2.23 1.28(5min)
Jan 12 06:20:01 2015 ---- 1.13 1.17(5min)
Jan 12 06:22:01 2015 ---- 0.98 1.09(5min)
Jan 12 06:24:01 2015 ---- 1.02 1.07(5min)
Jan 12 06:26:01 2015 ---- 2.36 1.34(5min)
Jan 12 06:28:01 2015 ---- 1.22 1.25(5min)
Jan 12 06:30:05 2015 ---- 0.96 1.14(5min)
Jan 12 06:32:01 2015 ---- 1.00 1.10(5min)
Jan 12 06:34:01 2015 ---- 1.18 1.12(5min)
Jan 12 06:36:01 2015 ---- 1.27 1.15(5min)
Jan 12 06:38:01 2015 ---- 1.17 1.16(5min)
Jan 12 06:40:01 2015 ---- 0.91 1.07(5min)
Jan 12 06:42:01 2015 ---- 0.98 1.04(5min)
Jan 12 06:44:01 2015 ---- 0.99 1.02(5min)
Jan 12 06:46:01 2015 ---- 1.03 1.01(5min)
Jan 12 06:48:01 2015 ---- 1.00 1.00(5min)
Jan 12 06:50:01 2015 ---- 0.93 0.97(5min)
Jan 12 06:52:01 2015 ---- 0.91 0.95(5min)
Jan 12 06:54:01 2015 ---- 1.08 1.00(5min)
Jan 12 06:56:01 2015 ---- 1.25 1.07(5min)
Jan 12 06:58:01 2015 ---- 0.94 1.01(5min)
Jan 12 07:00:02 2015 ---- 0.99 1.00(5min)
Jan 12 07:02:01 2015 ---- 0.98 0.98(5min)
Jan 12 07:04:01 2015 ---- 0.96 0.98(5min)
Jan 12 07:06:01 2015 ---- 1.87 1.17(5min)
Jan 12 07:08:01 2015 ---- 1.11 1.11(5min)
Jan 12 07:10:01 2015 ---- 1.12 1.10(5min)
Jan 12 07:12:01 2015 ---- 1.34 1.21(5min)
Jan 12 07:14:01 2015 ---- 1.17 1.18(5min)
Jan 12 07:16:01 2015 ---- 1.11 1.13(5min)
Jan 12 07:18:01 2015 ---- 1.01 1.08(5min)
Jan 12 07:20:01 2015 ---- 1.00 1.06(5min)
Jan 12 07:22:01 2015 ---- 1.00 1.04(5min)
Jan 12 07:24:01 2015 ---- 1.03 1.03(5min)
Jan 12 07:26:01 2015 ---- 1.02 1.03(5min)
Jan 12 07:28:01 2015 ---- 1.13 1.05(5min)
Jan 12 07:30:01 2015 ---- 1.03 1.04(5min)
Jan 12 07:32:01 2015 ---- 1.19 1.08(5min)
Jan 12 07:34:01 2015 ---- 1.02 1.05(5min)
Jan 12 07:36:01 2015 ---- 1.04 1.03(5min)
Jan 12 07:38:01 2015 ---- 1.07 1.06(5min)
Jan 12 07:40:01 2015 ---- 1.01 1.03(5min)
Jan 12 07:42:01 2015 ---- 1.07 1.03(5min)
Jan 12 07:44:01 2015 ---- 0.98 1.00(5min)
Jan 12 07:46:01 2015 ---- 1.03 1.00(5min)
Jan 12 07:48:02 2015 ---- 1.14 1.02(5min)
Jan 12 07:50:01 2015 ---- 1.12 1.05(5min)
Jan 12 07:52:01 2015 ---- 1.02 1.03(5min)
Jan 12 07:54:02 2015 ---- 0.98 1.00(5min)
Jan 12 07:56:01 2015 ---- 2.02 1.20(5min)
Jan 12 07:58:01 2015 ---- 1.11 1.12(5min)
Jan 12 08:00:01 2015 ---- 1.03 1.09(5min)
Jan 12 08:02:01 2015 ---- 0.93 1.04(5min)
Jan 12 08:04:01 2015 ---- 1.08 1.10(5min)
Jan 12 08:06:01 2015 ---- 1.08 1.10(5min)
Jan 12 08:08:01 2015 ---- 0.95 1.05(5min)
Jan 12 08:10:01 2015 ---- 1.12 1.07(5min)
Jan 12 08:12:01 2015 ---- 1.08 1.06(5min)
Jan 12 08:14:01 2015 ---- 1.01 1.03(5min)
Jan 12 08:16:01 2015 ---- 1.38 1.09(5min)
Jan 12 08:18:01 2015 ---- 0.99 1.03(5min)
Jan 12 08:20:01 2015 ---- 1.04 1.02(5min)
Jan 12 08:22:01 2015 ---- 1.06 1.03(5min)
Jan 12 08:24:01 2015 ---- 1.08 1.05(5min)
Jan 12 08:26:01 2015 ---- 1.07 1.04(5min)
Jan 12 08:28:01 2015 ---- 0.97 1.00(5min)
Jan 12 08:30:01 2015 ---- 1.45 1.08(5min)
Jan 12 08:32:01 2015 ---- 1.86 1.30(5min)
Jan 12 08:34:01 2015 ---- 1.96 1.51(5min)
Jan 12 08:36:01 2015 ---- 2.37 1.85(5min)
Jan 12 08:38:01 2015 ---- 2.22 1.97(5min)
Jan 12 08:40:01 2015 ---- 2.00 1.96(5min)
Jan 12 08:42:01 2015 ---- 2.09 2.01(5min)
Jan 12 08:44:01 2015 ---- 2.01 2.00(5min)
Jan 12 08:46:01 2015 ---- 2.05 2.03(5min)
Jan 12 08:48:01 2015 ---- 2.05 2.02(5min)
Jan 12 08:50:01 2015 ---- 2.21 2.10(5min)
Jan 12 08:52:01 2015 ---- 2.12 2.10(5min)
Jan 12 08:54:01 2015 ---- 2.08 2.09(5min)
Jan 12 08:56:01 2015 ---- 2.01 2.06(5min)
Jan 12 08:58:02 2015 ---- 2.11 2.08(5min)
Jan 12 09:00:01 2015 ---- 3.96 2.47(5min)
Jan 12 09:02:01 2015 ---- 2.31 2.32(5min)
Jan 12 09:04:01 2015 ---- 2.04 2.21(5min)
Jan 12 09:06:01 2015 ---- 2.05 2.17(5min)
Jan 12 09:08:01 2015 ---- 2.12 2.17(5min)
Jan 12 09:10:01 2015 ---- 2.06 2.14(5min)
Jan 12 09:12:01 2015 ---- 2.14 2.14(5min)
Jan 12 09:14:01 2015 ---- 2.11 2.09(5min)
Jan 12 09:16:01 2015 ---- 2.05 2.08(5min)
Jan 12 09:18:01 2015 ---- 2.05 2.08(5min)
Jan 12 09:20:01 2015 ---- 2.09 2.07(5min)
Jan 12 09:22:01 2015 ---- 2.03 2.05(5min)
Jan 12 09:24:01 2015 ---- 2.01 2.04(5min)
Jan 12 09:26:01 2015 ---- 2.08 2.06(5min)
Jan 12 09:28:01 2015 ---- 2.11 2.08(5min)
Jan 12 09:30:05 2015 ---- 1.95 2.03(5min)
Jan 12 09:32:01 2015 ---- 2.02 2.03(5min)
Jan 12 09:34:01 2015 ---- 1.99 2.01(5min)
Jan 12 09:36:01 2015 ---- 2.09 2.04(5min)
Jan 12 09:38:01 2015 ---- 2.17 2.11(5min)
Jan 12 09:40:01 2015 ---- 2.18 2.16(5min)
Jan 12 09:42:01 2015 ---- 2.06 2.12(5min)
Jan 12 09:44:01 2015 ---- 2.05 2.09(5min)
Jan 12 09:46:01 2015 ---- 2.14 2.10(5min)
Jan 12 09:48:01 2015 ---- 2.17 2.14(5min)
Jan 12 09:50:02 2015 ---- 2.13 2.14(5min)
Jan 12 09:52:01 2015 ---- 2.08 2.11(5min)
Jan 12 09:54:01 2015 ---- 2.09 2.10(5min)
Jan 12 09:56:01 2015 ---- 2.15 2.11(5min)
Jan 12 09:58:01 2015 ---- 2.21 2.13(5min)
Jan 12 10:00:02 2015 ---- 2.09 2.12(5min)
Jan 12 10:02:01 2015 ---- 1.71 2.01(5min)
Jan 12 10:04:01 2015 ---- 1.24 1.72(5min)
Jan 12 10:06:01 2015 ---- 1.06 1.49(5min)
Jan 12 10:08:01 2015 ---- 1.04 1.35(5min)
Jan 12 10:10:01 2015 ---- 1.20 1.31(5min)
Jan 12 10:12:01 2015 ---- 1.11 1.24(5min)
Jan 12 10:14:01 2015 ---- 1.07 1.19(5min)
Jan 12 10:16:01 2015 ---- 1.14 1.17(5min)
Jan 12 10:18:02 2015 ---- 1.15 1.16(5min)
Jan 12 10:20:01 2015 ---- 1.16 1.15(5min)
Jan 12 10:22:01 2015 ---- 1.14 1.19(5min)
Jan 12 10:24:02 2015 ---- 1.08 1.15(5min)
Jan 12 10:26:01 2015 ---- 1.08 1.12(5min)
Jan 12 10:28:01 2015 ---- 1.11 1.15(5min)
Jan 12 10:30:01 2015 ---- 1.06 1.12(5min)
Jan 12 10:32:01 2015 ---- 1.01 1.08(5min)
Jan 12 10:34:01 2015 ---- 1.10 1.14(5min)
Jan 12 10:36:01 2015 ---- 1.27 1.21(5min)
Jan 12 10:38:01 2015 ---- 1.12 1.18(5min)
Jan 12 10:40:01 2015 ---- 1.08 1.15(5min)
Jan 12 10:42:01 2015 ---- 1.07 1.13(5min)
Jan 12 10:44:01 2015 ---- 1.01 1.08(5min)
Jan 12 10:46:01 2015 ---- 1.06 1.09(5min)
Jan 12 10:48:01 2015 ---- 1.04 1.08(5min)
Jan 12 10:50:01 2015 ---- 1.08 1.11(5min)
Jan 12 10:52:01 2015 ---- 1.07 1.08(5min)
Jan 12 10:54:01 2015 ---- 1.13 1.10(5min)
Jan 12 10:56:01 2015 ---- 1.04 1.08(5min)
Jan 12 10:58:01 2015 ---- 1.10 1.10(5min)
Jan 12 11:00:01 2015 ---- 1.12 1.12(5min)
Jan 12 11:02:01 2015 ---- 1.03 1.09(5min)
Jan 12 11:04:01 2015 ---- 1.07 1.08(5min)
Jan 12 11:06:01 2015 ---- 1.04 1.08(5min)
Jan 12 11:08:01 2015 ---- 1.04 1.06(5min)
Jan 12 11:10:01 2015 ---- 1.29 1.18(5min)
Jan 12 11:12:01 2015 ---- 1.22 1.20(5min)
Jan 12 11:14:01 2015 ---- 1.29 1.23(5min)
Jan 12 11:16:01 2015 ---- 1.89 1.43(5min)
Jan 12 11:18:01 2015 ---- 2.25 1.71(5min)
Jan 12 11:20:01 2015 ---- 1.70 1.64(5min)
Jan 12 11:22:01 2015 ---- 1.21 1.47(5min)
Jan 12 11:24:01 2015 ---- 1.16 1.37(5min)
Jan 12 11:26:01 2015 ---- 1.03 1.25(5min)
Jan 12 11:28:01 2015 ---- 1.05 1.20(5min)
Jan 12 11:30:01 2015 ---- 1.10 1.19(5min)
Jan 12 11:32:01 2015 ---- 1.08 1.17(5min)
Jan 12 11:34:01 2015 ---- 1.09 1.15(5min)
Jan 12 11:36:01 2015 ---- 1.14 1.14(5min)
Jan 12 11:38:01 2015 ---- 1.10 1.12(5min)
Jan 12 11:40:01 2015 ---- 1.01 1.07(5min)
Jan 12 11:42:01 2015 ---- 1.00 1.05(5min)
Jan 12 11:44:01 2015 ---- 1.10 1.06(5min)
Jan 12 11:46:01 2015 ---- 1.20 1.10(5min)
Jan 12 11:48:01 2015 ---- 1.08 1.08(5min)
Jan 12 11:50:01 2015 ---- 1.16 1.09(5min)
Jan 12 11:52:01 2015 ---- 1.12 1.10(5min)
Jan 12 11:54:01 2015 ---- 1.12 1.09(5min)
Jan 12 11:56:01 2015 ---- 1.66 1.35(5min)
Jan 12 11:58:01 2015 ---- 1.14 1.27(5min)
Jan 12 12:00:02 2015 ---- 1.09 1.21(5min)
Jan 12 12:02:01 2015 ---- 1.16 1.21(5min)
Jan 12 12:04:01 2015 ---- 1.09 1.15(5min)
Jan 12 12:06:01 2015 ---- 1.20 1.18(5min)
Jan 12 12:08:01 2015 ---- 1.18 1.17(5min)
Jan 12 12:10:01 2015 ---- 1.06 1.13(5min)
Jan 12 12:12:02 2015 ---- 1.07 1.11(5min)
Jan 12 12:14:01 2015 ---- 1.05 1.10(5min)
Jan 12 12:16:01 2015 ---- 2.30 1.34(5min)
Jan 12 12:18:01 2015 ---- 1.22 1.23(5min)
Jan 12 12:20:02 2015 ---- 1.05 1.17(5min)
Jan 12 12:22:01 2015 ---- 1.11 1.14(5min)
Jan 12 12:24:01 2015 ---- 1.91 1.40(5min)
Jan 12 12:26:01 2015 ---- 1.35 1.36(5min)
Jan 12 12:28:01 2015 ---- 1.05 1.23(5min)
Jan 12 12:30:02 2015 ---- 1.14 1.21(5min)
Jan 12 12:32:01 2015 ---- 1.12 1.18(5min)
Jan 12 12:34:01 2015 ---- 1.03 1.12(5min)
Jan 12 12:36:01 2015 ---- 1.23 1.16(5min)
Jan 12 12:38:01 2015 ---- 1.15 1.15(5min)
Jan 12 12:40:01 2015 ---- 1.04 1.11(5min)
Jan 12 12:42:01 2015 ---- 1.08 1.09(5min)
Jan 12 12:44:01 2015 ---- 1.14 1.12(5min)
Jan 12 12:46:01 2015 ---- 1.11 1.12(5min)
Jan 12 12:48:01 2015 ---- 1.05 1.10(5min)
Jan 12 12:50:01 2015 ---- 1.06 1.10(5min)
Jan 12 12:52:01 2015 ---- 1.11 1.10(5min)
Jan 12 12:54:01 2015 ---- 1.01 1.06(5min)
Jan 12 12:56:01 2015 ---- 1.10 1.08(5min)
Jan 12 12:58:01 2015 ---- 1.25 1.11(5min)
Jan 12 13:00:01 2015 ---- 1.24 1.14(5min)
Jan 12 13:02:01 2015 ---- 1.20 1.13(5min)
Jan 12 13:04:01 2015 ---- 1.05 1.10(5min)
Jan 12 13:06:01 2015 ---- 1.02 1.07(5min)
Jan 12 13:08:02 2015 ---- 1.07 1.09(5min)
Jan 12 13:10:01 2015 ---- 1.09 1.10(5min)
Jan 12 13:12:01 2015 ---- 1.08 1.11(5min)
Jan 12 13:14:01 2015 ---- 1.15 1.11(5min)
Jan 12 13:16:01 2015 ---- 1.18 1.13(5min)
Jan 12 13:18:01 2015 ---- 1.04 1.09(5min)
Jan 12 13:20:01 2015 ---- 1.43 1.27(5min)
Jan 12 13:22:01 2015 ---- 1.06 1.17(5min)
Jan 12 13:24:01 2015 ---- 1.19 1.19(5min)
Jan 12 13:26:01 2015 ---- 1.02 1.12(5min)
Jan 12 13:28:01 2015 ---- 1.06 1.09(5min)
Jan 12 13:30:01 2015 ---- 1.06 1.10(5min)
Jan 12 13:32:01 2015 ---- 1.13 1.12(5min)
Jan 12 13:34:01 2015 ---- 1.09 1.11(5min)
Jan 12 13:36:01 2015 ---- 1.16 1.11(5min)
Jan 12 13:38:01 2015 ---- 1.02 1.07(5min)
Jan 12 13:40:01 2015 ---- 1.00 1.04(5min)
Jan 12 13:42:01 2015 ---- 1.05 1.04(5min)
Jan 12 13:44:01 2015 ---- 1.02 1.03(5min)
Jan 12 13:46:01 2015 ---- 1.03 1.04(5min)
Jan 12 13:48:01 2015 ---- 1.13 1.09(5min)
Jan 12 13:50:01 2015 ---- 1.04 1.07(5min)
Jan 12 13:52:01 2015 ---- 1.12 1.11(5min)
Jan 12 13:54:01 2015 ---- 1.08 1.10(5min)
Jan 12 13:56:01 2015 ---- 1.03 1.08(5min)
Jan 12 13:58:01 2015 ---- 2.22 1.31(5min)
Jan 12 14:00:01 2015 ---- 1.27 1.24(5min)
Jan 12 14:02:01 2015 ---- 1.05 1.17(5min)
Jan 12 14:04:01 2015 ---- 1.04 1.13(5min)
Jan 12 14:06:01 2015 ---- 1.15 1.13(5min)
Jan 12 14:08:01 2015 ---- 1.10 1.10(5min)
Jan 12 14:10:01 2015 ---- 1.04 1.07(5min)
Jan 12 14:12:01 2015 ---- 1.00 1.05(5min)
Jan 12 14:14:01 2015 ---- 1.32 1.12(5min)
Jan 12 14:16:01 2015 ---- 1.16 1.14(5min)
Jan 12 14:18:01 2015 ---- 1.04 1.10(5min)
Jan 12 14:20:01 2015 ---- 1.03 1.08(5min)
Jan 12 14:22:01 2015 ---- 1.09 1.09(5min)
Jan 12 14:24:01 2015 ---- 1.01 1.05(5min)
Jan 12 14:26:02 2015 ---- 1.06 1.06(5min)
Jan 12 14:28:01 2015 ---- 1.08 1.06(5min)
Jan 12 14:30:01 2015 ---- 1.68 1.19(5min)
Jan 12 14:32:01 2015 ---- 1.22 1.17(5min)
Jan 12 14:34:01 2015 ---- 1.09 1.15(5min)
Jan 12 14:36:01 2015 ---- 1.19 1.15(5min)
Jan 12 14:38:01 2015 ---- 1.63 1.33(5min)
Jan 12 14:40:02 2015 ---- 1.27 1.27(5min)
Jan 12 14:42:01 2015 ---- 1.22 1.24(5min)
Jan 12 14:44:01 2015 ---- 2.80 1.53(5min)
Jan 12 14:46:01 2015 ---- 1.40 1.41(5min)
Jan 12 14:48:01 2015 ---- 1.08 1.29(5min)
Jan 12 14:50:01 2015 ---- 1.05 1.22(5min)
Jan 12 14:52:01 2015 ---- 1.20 1.20(5min)
Jan 12 14:54:01 2015 ---- 1.11 1.17(5min)
Jan 12 14:56:01 2015 ---- 1.12 1.15(5min)
Jan 12 14:58:01 2015 ---- 1.22 1.14(5min)
Jan 12 15:00:02 2015 ---- 1.05 1.10(5min)
Jan 12 15:02:01 2015 ---- 1.03 1.08(5min)
Jan 12 15:04:01 2015 ---- 1.06 1.08(5min)
Jan 12 15:06:01 2015 ---- 1.13 1.10(5min)
Jan 12 15:08:01 2015 ---- 1.03 1.07(5min)
Jan 12 15:10:01 2015 ---- 1.08 1.10(5min)
Jan 12 15:12:01 2015 ---- 1.06 1.08(5min)
Jan 12 15:14:01 2015 ---- 1.00 1.05(5min)
Jan 12 15:16:01 2015 ---- 1.10 1.07(5min)
Jan 12 15:18:01 2015 ---- 1.12 1.07(5min)
Jan 12 15:20:02 2015 ---- 1.26 1.10(5min)
Jan 12 15:22:01 2015 ---- 1.17 1.11(5min)
Jan 12 15:24:01 2015 ---- 1.11 1.11(5min)
Jan 12 15:26:01 2015 ---- 1.20 1.14(5min)
Jan 12 15:28:01 2015 ---- 1.04 1.10(5min)
Jan 12 15:30:01 2015 ---- 1.51 1.18(5min)
Jan 12 15:32:01 2015 ---- 1.15 1.15(5min)
Jan 12 15:34:01 2015 ---- 1.13 1.12(5min)
Jan 12 15:36:01 2015 ---- 1.08 1.11(5min)
Jan 12 15:38:01 2015 ---- 1.27 1.14(5min)
Jan 12 15:40:01 2015 ---- 1.07 1.11(5min)
Jan 12 15:42:01 2015 ---- 1.02 1.08(5min)
Jan 12 15:44:01 2015 ---- 1.07 1.07(5min)
Jan 12 15:46:01 2015 ---- 1.40 1.25(5min)
Jan 12 15:48:01 2015 ---- 1.05 1.16(5min)
Jan 12 15:50:01 2015 ---- 1.00 1.10(5min)
Jan 12 15:52:01 2015 ---- 2.20 1.31(5min)
Jan 12 15:54:01 2015 ---- 1.31 1.26(5min)
Jan 12 15:56:01 2015 ---- 1.08 1.20(5min)
Jan 12 15:58:01 2015 ---- 1.10 1.17(5min)
Jan 12 16:00:01 2015 ---- 1.06 1.13(5min)
Jan 12 16:02:01 2015 ---- 1.39 1.28(5min)
Jan 12 16:04:01 2015 ---- 1.18 1.25(5min)
Jan 12 16:06:01 2015 ---- 1.14 1.19(5min)
Jan 12 16:08:01 2015 ---- 1.02 1.12(5min)
Jan 12 16:10:01 2015 ---- 1.06 1.09(5min)
Jan 12 16:12:01 2015 ---- 1.02 1.07(5min)
Jan 12 16:14:01 2015 ---- 1.03 1.05(5min)
Jan 12 16:16:01 2015 ---- 1.08 1.07(5min)
Jan 12 16:18:01 2015 ---- 1.09 1.06(5min)
Jan 12 16:20:01 2015 ---- 1.10 1.07(5min)
Jan 12 16:22:01 2015 ---- 1.11 1.10(5min)
Jan 12 16:24:01 2015 ---- 1.25 1.12(5min)
Jan 12 16:26:02 2015 ---- 1.11 1.13(5min)
Jan 12 16:28:01 2015 ---- 1.06 1.11(5min)
Jan 12 16:30:01 2015 ---- 1.58 1.19(5min)
Jan 12 16:32:02 2015 ---- 1.09 1.14(5min)
Jan 12 16:34:01 2015 ---- 1.15 1.14(5min)
Jan 12 16:36:01 2015 ---- 1.36 1.24(5min)
Jan 12 16:38:01 2015 ---- 1.17 1.21(5min)
Jan 12 16:40:01 2015 ---- 1.04 1.15(5min)
Jan 12 16:42:01 2015 ---- 1.54 1.29(5min)
Jan 12 16:44:01 2015 ---- 1.09 1.20(5min)
Jan 12 16:46:01 2015 ---- 1.14 1.18(5min)
Jan 12 16:48:01 2015 ---- 1.02 1.12(5min)
Jan 12 16:50:01 2015 ---- 1.24 1.14(5min)
Jan 12 16:52:01 2015 ---- 1.13 1.13(5min)
Jan 12 16:54:01 2015 ---- 1.03 1.09(5min)
Jan 12 16:56:01 2015 ---- 1.06 1.08(5min)
Jan 12 16:58:01 2015 ---- 1.03 1.06(5min)
Jan 12 17:00:02 2015 ---- 1.40 1.19(5min)
Jan 12 17:02:01 2015 ---- 1.94 1.39(5min)
Jan 12 17:04:01 2015 ---- 2.04 1.60(5min)
Jan 12 17:06:01 2015 ---- 1.58 1.57(5min)
Jan 12 17:08:01 2015 ---- 1.12 1.39(5min)
Jan 12 17:10:01 2015 ---- 1.03 1.27(5min)
Jan 12 17:12:01 2015 ---- 1.12 1.23(5min)
Jan 12 17:14:01 2015 ---- 1.10 1.19(5min)
Jan 12 17:16:01 2015 ---- 1.24 1.18(5min)
Jan 12 17:18:01 2015 ---- 1.91 1.46(5min)
Jan 12 17:20:02 2015 ---- 1.12 1.31(5min)
Jan 12 17:22:01 2015 ---- 1.02 1.20(5min)
Jan 12 17:24:01 2015 ---- 1.40 1.31(5min)
Jan 12 17:26:01 2015 ---- 1.15 1.26(5min)
Jan 12 17:28:01 2015 ---- 1.06 1.21(5min)
Jan 12 17:30:01 2015 ---- 1.03 1.15(5min)
Jan 12 17:32:01 2015 ---- 1.11 1.12(5min)
Jan 12 17:34:01 2015 ---- 1.01 1.08(5min)
Jan 12 17:36:01 2015 ---- 1.05 1.06(5min)
Jan 12 17:38:01 2015 ---- 1.00 1.04(5min)
Jan 12 17:40:02 2015 ---- 1.04 1.03(5min)
Jan 12 17:42:01 2015 ---- 1.04 1.03(5min)
Jan 12 17:44:01 2015 ---- 1.08 1.06(5min)
Jan 12 17:46:01 2015 ---- 1.12 1.07(5min)
Jan 12 17:48:01 2015 ---- 1.12 1.09(5min)
Jan 12 17:50:02 2015 ---- 1.07 1.08(5min)
Jan 12 17:52:01 2015 ---- 1.04 1.07(5min)
Jan 12 17:54:01 2015 ---- 1.04 1.07(5min)
Jan 12 17:56:01 2015 ---- 1.00 1.04(5min)
Jan 12 17:58:01 2015 ---- 1.14 1.07(5min)
Jan 12 18:00:01 2015 ---- 1.38 1.13(5min)
Jan 12 18:02:01 2015 ---- 1.14 1.13(5min)
Jan 12 18:04:01 2015 ---- 1.39 1.18(5min)
Jan 12 18:06:01 2015 ---- 1.10 1.14(5min)
Jan 12 18:08:01 2015 ---- 1.10 1.13(5min)
Jan 12 18:10:01 2015 ---- 1.09 1.10(5min)
Jan 12 18:12:01 2015 ---- 1.13 1.11(5min)
Jan 12 18:14:01 2015 ---- 1.12 1.10(5min)
Jan 12 18:16:01 2015 ---- 2.17 1.31(5min)
Jan 12 18:18:01 2015 ---- 1.25 1.23(5min)
Jan 12 18:20:01 2015 ---- 1.13 1.19(5min)
Jan 12 18:22:01 2015 ---- 2.38 1.42(5min)
Jan 12 18:24:01 2015 ---- 1.29 1.31(5min)
Jan 12 18:26:01 2015 ---- 1.05 1.21(5min)
Jan 12 18:28:01 2015 ---- 1.04 1.15(5min)
Jan 12 18:30:02 2015 ---- 1.02 1.11(5min)
Jan 12 18:32:01 2015 ---- 1.08 1.11(5min)
Jan 12 18:34:01 2015 ---- 1.01 1.07(5min)
Jan 12 18:36:01 2015 ---- 1.09 1.08(5min)
Jan 12 18:38:01 2015 ---- 1.08 1.09(5min)
Jan 12 18:40:01 2015 ---- 1.03 1.07(5min)
Jan 12 18:42:01 2015 ---- 1.06 1.06(5min)
Jan 12 18:44:01 2015 ---- 1.07 1.07(5min)
Jan 12 18:46:01 2015 ---- 1.20 1.11(5min)
Jan 12 18:48:01 2015 ---- 1.15 1.11(5min)
Jan 12 18:50:01 2015 ---- 1.06 1.10(5min)
Jan 12 18:52:01 2015 ---- 1.27 1.17(5min)
Jan 12 18:54:01 2015 ---- 1.10 1.13(5min)
Jan 12 18:56:02 2015 ---- 1.10 1.11(5min)
Jan 12 18:58:01 2015 ---- 1.06 1.10(5min)
Jan 12 19:00:01 2015 ---- 1.45 1.17(5min)
Jan 12 19:02:02 2015 ---- 1.10 1.13(5min)
Jan 12 19:04:01 2015 ---- 1.04 1.11(5min)
Jan 12 19:06:01 2015 ---- 1.18 1.13(5min)
Jan 12 19:08:01 2015 ---- 1.09 1.11(5min)
Jan 12 19:10:01 2015 ---- 2.52 1.38(5min)
Jan 12 19:12:01 2015 ---- 1.28 1.29(5min)
Jan 12 19:14:01 2015 ---- 1.19 1.23(5min)
Jan 12 19:16:01 2015 ---- 1.10 1.17(5min)
Jan 12 19:18:01 2015 ---- 1.16 1.18(5min)
Jan 12 19:20:01 2015 ---- 1.08 1.14(5min)
Jan 12 19:22:01 2015 ---- 1.14 1.14(5min)
Jan 12 19:24:01 2015 ---- 1.08 1.12(5min)
Jan 12 19:26:01 2015 ---- 1.01 1.07(5min)
Jan 12 19:28:01 2015 ---- 1.09 1.07(5min)
Jan 12 19:30:02 2015 ---- 1.01 1.04(5min)
Jan 12 19:32:01 2015 ---- 1.03 1.04(5min)
Jan 12 19:34:01 2015 ---- 1.08 1.05(5min)
Jan 12 19:36:01 2015 ---- 1.01 1.03(5min)
Jan 12 19:38:01 2015 ---- 1.03 1.04(5min)
Jan 12 19:40:01 2015 ---- 1.07 1.07(5min)
Jan 12 19:42:01 2015 ---- 1.33 1.28(5min)
Jan 12 19:44:02 2015 ---- 1.13 1.22(5min)
Jan 12 19:46:01 2015 ---- 1.06 1.16(5min)
Jan 12 19:48:01 2015 ---- 1.05 1.12(5min)
Jan 12 19:50:05 2015 ---- 1.24 1.13(5min)
Jan 12 19:52:01 2015 ---- 1.14 1.12(5min)
Jan 12 19:54:01 2015 ---- 1.06 1.09(5min)
Jan 12 19:56:01 2015 ---- 1.11 1.09(5min)
Jan 12 19:58:01 2015 ---- 1.16 1.10(5min)
Jan 12 20:00:02 2015 ---- 1.04 1.07(5min)
Jan 12 20:02:01 2015 ---- 1.08 1.06(5min)
Jan 12 20:04:01 2015 ---- 1.23 1.11(5min)
Jan 12 20:06:01 2015 ---- 1.10 1.08(5min)
Jan 12 20:08:01 2015 ---- 1.11 1.09(5min)
Jan 12 20:10:02 2015 ---- 1.08 1.07(5min)
Jan 12 20:12:01 2015 ---- 1.02 1.06(5min)
Jan 12 20:14:01 2015 ---- 1.09 1.06(5min)
Jan 12 20:16:01 2015 ---- 1.16 1.10(5min)
Jan 12 20:18:01 2015 ---- 1.07 1.09(5min)
Jan 12 20:20:02 2015 ---- 1.07 1.08(5min)
Jan 12 20:22:01 2015 ---- 1.11 1.10(5min)
Jan 12 20:24:01 2015 ---- 1.06 1.08(5min)
Jan 12 20:26:01 2015 ---- 1.11 1.08(5min)
Jan 12 20:28:01 2015 ---- 1.19 1.09(5min)
Jan 12 20:30:01 2015 ---- 1.10 1.08(5min)
Jan 12 20:32:01 2015 ---- 1.03 1.06(5min)
Jan 12 20:34:01 2015 ---- 1.08 1.07(5min)
Jan 12 20:36:01 2015 ---- 1.17 1.11(5min)
Jan 12 20:38:02 2015 ---- 1.15 1.11(5min)
Jan 12 20:40:01 2015 ---- 1.39 1.17(5min)
Jan 12 20:42:01 2015 ---- 1.09 1.14(5min)
Jan 12 20:44:02 2015 ---- 1.10 1.11(5min)
Jan 12 20:46:01 2015 ---- 1.10 1.12(5min)
Jan 12 20:48:01 2015 ---- 1.03 1.09(5min)
Jan 12 20:50:01 2015 ---- 1.12 1.10(5min)
Jan 12 20:52:01 2015 ---- 1.15 1.14(5min)
Jan 12 20:54:01 2015 ---- 1.20 1.14(5min)
Jan 12 20:56:01 2015 ---- 1.17 1.15(5min)
Jan 12 20:58:01 2015 ---- 1.11 1.12(5min)
Jan 12 21:00:01 2015 ---- 1.13 1.15(5min)
Jan 12 21:02:01 2015 ---- 1.06 1.12(5min)
Jan 12 21:04:01 2015 ---- 2.33 1.38(5min)
Jan 12 21:06:01 2015 ---- 1.25 1.26(5min)
Jan 12 21:08:01 2015 ---- 1.17 1.20(5min)
Jan 12 21:10:01 2015 ---- 1.06 1.15(5min)
Jan 12 21:12:01 2015 ---- 1.03 1.11(5min)
Jan 12 21:14:01 2015 ---- 1.20 1.15(5min)
Jan 12 21:16:01 2015 ---- 1.11 1.14(5min)
Jan 12 21:18:01 2015 ---- 1.03 1.10(5min)
Jan 12 21:20:01 2015 ---- 1.05 1.09(5min)
Jan 12 21:22:02 2015 ---- 1.05 1.08(5min)
Jan 12 21:24:01 2015 ---- 1.08 1.08(5min)
Jan 12 21:26:01 2015 ---- 1.09 1.08(5min)
Jan 12 21:28:01 2015 ---- 1.06 1.07(5min)
Jan 12 21:30:02 2015 ---- 2.90 1.49(5min)
Jan 12 21:32:01 2015 ---- 1.50 1.39(5min)
Jan 12 21:34:01 2015 ---- 1.08 1.27(5min)
Jan 12 21:36:01 2015 ---- 1.06 1.20(5min)
Jan 12 21:38:01 2015 ---- 1.27 1.27(5min)
Jan 12 21:40:01 2015 ---- 1.06 1.19(5min)
Jan 12 21:42:01 2015 ---- 1.14 1.17(5min)
Jan 12 21:44:01 2015 ---- 1.41 1.25(5min)
Jan 12 21:46:01 2015 ---- 1.21 1.23(5min)
Jan 12 21:48:01 2015 ---- 1.12 1.18(5min)
Jan 12 21:50:01 2015 ---- 1.01 1.11(5min)
Jan 12 21:52:01 2015 ---- 1.11 1.11(5min)
Jan 12 21:54:01 2015 ---- 1.05 1.08(5min)
Jan 12 21:56:01 2015 ---- 1.17 1.12(5min)
Jan 12 21:58:01 2015 ---- 1.08 1.10(5min)
Jan 12 22:00:02 2015 ---- 1.22 1.16(5min)
Jan 12 22:02:01 2015 ---- 1.20 1.17(5min)
Jan 12 22:04:01 2015 ---- 1.13 1.15(5min)
Jan 12 22:06:01 2015 ---- 1.21 1.19(5min)
Jan 12 22:08:01 2015 ---- 1.12 1.15(5min)
Jan 12 22:10:01 2015 ---- 1.01 1.10(5min)
Jan 12 22:12:01 2015 ---- 1.04 1.08(5min)
Jan 12 22:14:02 2015 ---- 1.08 1.08(5min)
Jan 12 22:16:01 2015 ---- 1.08 1.07(5min)
Jan 12 22:18:01 2015 ---- 1.06 1.08(5min)
Jan 12 22:20:01 2015 ---- 1.11 1.11(5min)
Jan 12 22:22:01 2015 ---- 1.10 1.13(5min)
Jan 12 22:24:01 2015 ---- 1.11 1.12(5min)
Jan 12 22:26:01 2015 ---- 1.06 1.09(5min)
Jan 12 22:28:01 2015 ---- 1.11 1.10(5min)
Jan 12 22:30:02 2015 ---- 1.57 1.32(5min)
Jan 12 22:32:01 2015 ---- 1.29 1.28(5min)
Jan 12 22:34:01 2015 ---- 1.04 1.18(5min)
Jan 12 22:36:01 2015 ---- 1.38 1.31(5min)
Jan 12 22:38:01 2015 ---- 1.21 1.26(5min)
Jan 12 22:40:01 2015 ---- 1.19 1.23(5min)
Jan 12 22:42:01 2015 ---- 1.99 1.56(5min)
Jan 12 22:44:01 2015 ---- 1.77 1.64(5min)
Jan 12 22:46:01 2015 ---- 1.28 1.53(5min)
Jan 12 22:48:01 2015 ---- 2.88 1.76(5min)
Jan 12 22:50:01 2015 ---- 1.30 1.53(5min)
Jan 12 22:52:01 2015 ---- 1.20 1.40(5min)
Jan 12 22:54:01 2015 ---- 1.08 1.29(5min)
Jan 12 22:56:01 2015 ---- 1.52 1.40(5min)
Jan 12 22:58:01 2015 ---- 1.27 1.33(5min)
Jan 12 23:00:01 2015 ---- 1.15 1.26(5min)
Jan 12 23:02:01 2015 ---- 1.25 1.24(5min)
Jan 12 23:04:01 2015 ---- 1.11 1.17(5min)
Jan 12 23:06:02 2015 ---- 1.16 1.17(5min)
Jan 12 23:08:01 2015 ---- 1.11 1.15(5min)
Jan 12 23:10:01 2015 ---- 1.06 1.12(5min)
Jan 12 23:12:01 2015 ---- 1.06 1.12(5min)
Jan 12 23:14:01 2015 ---- 1.04 1.10(5min)
Jan 12 23:16:01 2015 ---- 1.02 1.08(5min)
Jan 12 23:18:01 2015 ---- 1.07 1.06(5min)
Jan 12 23:20:01 2015 ---- 0.39 0.87(5min)
Jan 12 23:22:01 2015 ---- 0.05 0.58(5min)
Jan 12 23:24:01 2015 ---- 0.03 0.39(5min)
Jan 12 23:26:01 2015 ---- 0.00 0.26(5min)
Jan 12 23:28:01 2015 ---- 0.08 0.20(5min)
Jan 12 23:30:02 2015 ---- 0.01 0.13(5min)
Jan 12 23:32:01 2015 ---- 0.01 0.09(5min)
Jan 12 23:34:01 2015 ---- 0.00 0.06(5min)
Jan 12 23:36:01 2015 ---- 0.00 0.03(5min)
Jan 12 23:38:01 2015 ---- 0.05 0.05(5min)
Jan 12 23:40:01 2015 ---- 0.00 0.03(5min)
Jan 12 23:42:01 2015 ---- 0.12 0.05(5min)
Jan 12 23:44:01 2015 ---- 0.06 0.05(5min)
Jan 12 23:46:01 2015 ---- 0.06 0.05(5min)
Jan 12 23:48:01 2015 ---- 0.04 0.05(5min)
Jan 12 23:50:01 2015 ---- 0.00 0.03(5min)
Jan 12 23:52:01 2015 ---- 0.07 0.05(5min)
Jan 12 23:54:01 2015 ---- 0.01 0.03(5min)
Jan 12 23:56:01 2015 ---- 0.00 0.01(5min)
Jan 12 23:58:01 2015 ---- 0.00 0.00(5min)
